Using pre-set license
Built from '2020.3/staging' branch; Version is '2020.3.22f1 (e1a7f79fd887) revision 14788599'; Using compiler version '192528614'; Build Type 'Release'
OS: 'Windows 10 Home; OS build 19043.1348; Version 2009; 64bit' Language: 'en' Physical Memory: 8075 MB
BatchMode: 1, IsHumanControllingUs: 0, StartBugReporterOnCrash: 0, Is64bit: 1, IsPro: 0

COMMAND LINE ARGUMENTS:
C:\Program Files\Unity\Hub\Editor\2020.3.22f1\Editor\Unity.exe
-adb2
-batchMode
-noUpm
-name
AssetImportWorker0
-projectPath
C:/Users/Khush/Documents/School/GitHub/GitHubProjects/Procedural_Generation/SurvivalShooterCleanProc/SurvivalShooterCleanProc/SurvivalShooterClean
-logFile
Logs/AssetImportWorker0.log
-srvPort
57225
Successfully changed project path to: C:/Users/Khush/Documents/School/GitHub/GitHubProjects/Procedural_Generation/SurvivalShooterCleanProc/SurvivalShooterCleanProc/SurvivalShooterClean
C:/Users/Khush/Documents/School/GitHub/GitHubProjects/Procedural_Generation/SurvivalShooterCleanProc/SurvivalShooterCleanProc/SurvivalShooterClean
Using Asset Import Pipeline V2.
Refreshing native plugins compatible for Editor in 170.66 ms, found 2 plugins.
Preloading 0 native plugins for Editor in 0.00 ms.
Initialize engine version: 2020.3.22f1 (e1a7f79fd887)
[Subsystems] Discovering subsystems at path C:/Program Files/Unity/Hub/Editor/2020.3.22f1/Editor/Data/Resources/UnitySubsystems
[Subsystems] Discovering subsystems at path C:/Users/Khush/Documents/School/GitHub/GitHubProjects/Procedural_Generation/SurvivalShooterCleanProc/SurvivalShooterCleanProc/SurvivalShooterClean/Assets
GfxDevice: creating device client; threaded=0
Direct3D:
    Version:  Direct3D 11.0 [level 11.1]
    Renderer: NVIDIA GeForce GTX 1060 (ID=0x1c20)
    Vendor:   
    VRAM:     6052 MB
    Driver:   30.0.14.9649
Initialize mono
Mono path[0] = 'C:/Program Files/Unity/Hub/Editor/2020.3.22f1/Editor/Data/Managed'
Mono path[1] = 'C:/Program Files/Unity/Hub/Editor/2020.3.22f1/Editor/Data/MonoBleedingEdge/lib/mono/unityjit'
Mono config path = 'C:/Program Files/Unity/Hub/Editor/2020.3.22f1/Editor/Data/MonoBleedingEdge/etc'
Using monoOptions --debugger-agent=transport=dt_socket,embedding=1,server=y,suspend=n,address=127.0.0.1:56004
Begin MonoManager ReloadAssembly
Registering precompiled unity dll's ...
Register platform support module: C:/Program Files/Unity/Hub/Editor/2020.3.22f1/Editor/Data/PlaybackEngines/WindowsStandaloneSupport/UnityEditor.WindowsStandalone.Extensions.dll
Registered in 0.005130 seconds.
Native extension for WindowsStandalone target not found
Refreshing native plugins compatible for Editor in 103.28 ms, found 2 plugins.
Preloading 0 native plugins for Editor in 0.00 ms.
Mono: successfully reloaded assembly
- Completed reload, in  4.985 seconds
Domain Reload Profiling:
	ReloadAssembly (4986ms)
		BeginReloadAssembly (88ms)
			ExecutionOrderSort (0ms)
			DisableScriptedObjects (0ms)
			BackupInstance (0ms)
			ReleaseScriptingObjects (0ms)
			CreateAndSetChildDomain (2ms)
		EndReloadAssembly (923ms)
			LoadAssemblies (84ms)
			RebuildTransferFunctionScriptingTraits (1ms)
			SetupTypeCache (327ms)
			ReleaseScriptCaches (0ms)
			RebuildScriptCaches (59ms)
			SetupLoadedEditorAssemblies (353ms)
				LogAssemblyErrors (0ms)
				InitializePlatformSupportModulesInManaged (7ms)
				SetLoadedEditorAssemblies (0ms)
				RefreshPlugins (104ms)
				BeforeProcessingInitializeOnLoad (38ms)
				ProcessInitializeOnLoadAttributes (150ms)
				ProcessInitializeOnLoadMethodAttributes (53ms)
				AfterProcessingInitializeOnLoad (0ms)
				EditorAssembliesLoaded (0ms)
			ExecutionOrderSort2 (0ms)
			AwakeInstancesAfterBackupRestoration (0ms)
Platform modules already initialized, skipping
Registering precompiled user dll's ...
Registered in 0.029589 seconds.
Begin MonoManager ReloadAssembly
Native extension for WindowsStandalone target not found
Refreshing native plugins compatible for Editor in 2.69 ms, found 2 plugins.
Preloading 0 native plugins for Editor in 0.00 ms.
Mono: successfully reloaded assembly
- Completed reload, in  2.663 seconds
Domain Reload Profiling:
	ReloadAssembly (2666ms)
		BeginReloadAssembly (255ms)
			ExecutionOrderSort (0ms)
			DisableScriptedObjects (9ms)
			BackupInstance (0ms)
			ReleaseScriptingObjects (0ms)
			CreateAndSetChildDomain (34ms)
		EndReloadAssembly (2269ms)
			LoadAssemblies (622ms)
			RebuildTransferFunctionScriptingTraits (0ms)
			SetupTypeCache (545ms)
			ReleaseScriptCaches (1ms)
			RebuildScriptCaches (108ms)
			SetupLoadedEditorAssemblies (818ms)
				LogAssemblyErrors (0ms)
				InitializePlatformSupportModulesInManaged (7ms)
				SetLoadedEditorAssemblies (2ms)
				RefreshPlugins (3ms)
				BeforeProcessingInitializeOnLoad (230ms)
				ProcessInitializeOnLoadAttributes (473ms)
				ProcessInitializeOnLoadMethodAttributes (89ms)
				AfterProcessingInitializeOnLoad (14ms)
				EditorAssembliesLoaded (0ms)
			ExecutionOrderSort2 (0ms)
			AwakeInstancesAfterBackupRestoration (14ms)
Platform modules already initialized, skipping
========================================================================
Worker process is ready to serve import requests
Launched and connected shader compiler UnityShaderCompiler.exe after 0.15 seconds
Refreshing native plugins compatible for Editor in 0.89 ms, found 2 plugins.
Preloading 0 native plugins for Editor in 0.00 ms.
Unloading 2627 Unused Serialized files (Serialized files now loaded: 0)
System memory in use before: 106.6 MB.
System memory in use after: 106.8 MB.

Unloading 62 unused Assets to reduce memory usage. Loaded Objects now: 3038.
Total: 12.164200 ms (FindLiveObjects: 0.376300 ms CreateObjectMapping: 0.206700 ms MarkObjects: 11.442700 ms  DeleteObjects: 0.136700 ms)

AssetImportParameters requested are different than current active one (requested -> active):
  custom:framework-win-MediaFoundation: 216162199b28c13a410421893ffa2e32 -> 
  custom:video-decoder-ogg-theora: a1e56fd34408186e4bbccfd4996cb3dc -> 
  custom:container-muxer-webm: aa71ff27fc2769a1b78a27578f13a17b -> 
  custom:container-demuxer-webm: 4f35f7cbe854078d1ac9338744f61a02 -> 
  custom:container-demuxer-ogg: 62fdf1f143b41e24485cea50d1cbac27 -> 
  custom:video-encoder-webm-vp8: eb34c28f22e8b96e1ab97ce403110664 -> 
  custom:video-decoder-webm-vp8: 9c59270c3fd7afecdb556c50c9e8de78 -> 
  custom:audio-decoder-ogg-vorbis: bf7c407c2cedff20999df2af8eb42d56 -> 
  custom:audio-encoder-webm-vorbis: bf7c407c2cedff20999df2af8eb42d56 -> 
========================================================================
Received Import Request.
  path: Assets/Scripts
  artifactKey: Guid(7726b090c619c2943a9ef99d175b17b4) Importer(815301076,1909f56bfc062723c751e8b465ee728b)
Start importing Assets/Scripts using Guid(7726b090c619c2943a9ef99d175b17b4) Importer(815301076,1909f56bfc062723c751e8b465ee728b)  -> (artifact id: '660bb28c9f47747f7c53343ac8d9ec11') in 0.023479 seconds 
  Import took 0.035673 seconds .

========================================================================
Received Import Request.
  Time since last request: 48.631349 seconds.
  path: Assets/Scripts/NavMeshSourceTag.cs
  artifactKey: Guid(64e97cac8127cb442af3199707aeea8b) Importer(815301076,1909f56bfc062723c751e8b465ee728b)
Start importing Assets/Scripts/NavMeshSourceTag.cs using Guid(64e97cac8127cb442af3199707aeea8b) Importer(815301076,1909f56bfc062723c751e8b465ee728b)  -> (artifact id: '5ff84a19d26b672708898bc47146fd44') in 0.081746 seconds 
  Import took 0.088574 seconds .

========================================================================
Received Import Request.
  Time since last request: 5.046274 seconds.
  path: Assets/Scripts/LocalNavMeshBuilder.cs
  artifactKey: Guid(4345def3291e7c84eb6939e8ef86684e) Importer(815301076,1909f56bfc062723c751e8b465ee728b)
Start importing Assets/Scripts/LocalNavMeshBuilder.cs using Guid(4345def3291e7c84eb6939e8ef86684e) Importer(815301076,1909f56bfc062723c751e8b465ee728b)  -> (artifact id: 'b59e3d2815bc6b9470f80935786401cd') in 0.015226 seconds 
  Import took 0.023963 seconds .

========================================================================
Received Import Request.
  Time since last request: 18.039094 seconds.
  path: Assets/Scripts/Managers
  artifactKey: Guid(f3796e7cb4a0fd844ac3d7800956af7c) Importer(815301076,1909f56bfc062723c751e8b465ee728b)
Start importing Assets/Scripts/Managers using Guid(f3796e7cb4a0fd844ac3d7800956af7c) Importer(815301076,1909f56bfc062723c751e8b465ee728b)  -> (artifact id: '9f6d0993ed82bcfedc36c0ec114a97cb') in 0.018938 seconds 
  Import took 0.030097 seconds .

========================================================================
Received Import Request.
  Time since last request: 18.771313 seconds.
  path: Assets/Scripts/Enemy
  artifactKey: Guid(8a0fa9ac57cf1a14d8c276eaaf79a8e9) Importer(815301076,1909f56bfc062723c751e8b465ee728b)
Start importing Assets/Scripts/Enemy using Guid(8a0fa9ac57cf1a14d8c276eaaf79a8e9) Importer(815301076,1909f56bfc062723c751e8b465ee728b)  -> (artifact id: 'e2a6fb480fcc57a795387152eb870f7e') in 0.022808 seconds 
  Import took 0.030213 seconds .

========================================================================
Received Import Request.
  Time since last request: 3.128130 seconds.
  path: Assets/Scripts/Audio
  artifactKey: Guid(728b0c6c6b840774dab9adee2ad7bb7e) Importer(815301076,1909f56bfc062723c751e8b465ee728b)
Start importing Assets/Scripts/Audio using Guid(728b0c6c6b840774dab9adee2ad7bb7e) Importer(815301076,1909f56bfc062723c751e8b465ee728b)  -> (artifact id: '97d3c1bb78f5f67efafe7f3ef6091cf6') in 0.019594 seconds 
  Import took 0.025555 seconds .

========================================================================
Received Import Request.
  Time since last request: 1.943833 seconds.
  path: Assets/Scripts/Helpers
  artifactKey: Guid(bafbb8cb07fedac43948d44f4b380830) Importer(815301076,1909f56bfc062723c751e8b465ee728b)
Start importing Assets/Scripts/Helpers using Guid(bafbb8cb07fedac43948d44f4b380830) Importer(815301076,1909f56bfc062723c751e8b465ee728b)  -> (artifact id: 'e62d1e07a5418f949e178a16f9dae728') in 0.015298 seconds 
  Import took 0.020525 seconds .

========================================================================
Received Import Request.
  Time since last request: 8.170840 seconds.
  path: Assets/ProcGenAssignment/PlanksMaterial.mat
  artifactKey: Guid(65edaf88fed690a4ab37deb5cc9b8d8e) Importer(815301076,1909f56bfc062723c751e8b465ee728b)
Start importing Assets/ProcGenAssignment/PlanksMaterial.mat using Guid(65edaf88fed690a4ab37deb5cc9b8d8e) Importer(815301076,1909f56bfc062723c751e8b465ee728b)  -> (artifact id: '9ba7876abb1fd0c45a6dde4ba0b55612') in 0.468623 seconds 
  Import took 0.477921 seconds .

========================================================================
Received Import Request.
  Time since last request: 13268.277267 seconds.
  path: Assets/ProcGenAssignment/Rooms
  artifactKey: Guid(244afeb85c3500c4f8ed6a73af19bf41) Importer(815301076,1909f56bfc062723c751e8b465ee728b)
Start importing Assets/ProcGenAssignment/Rooms using Guid(244afeb85c3500c4f8ed6a73af19bf41) Importer(815301076,1909f56bfc062723c751e8b465ee728b)  -> (artifact id: 'd722fe3b31d905769e0a1156e2b82581') in 0.040333 seconds 
  Import took 0.182613 seconds .

========================================================================
Received Import Request.
  Time since last request: 0.140982 seconds.
  path: Assets/ProcGenAssignment/Rooms/Room-0-0.prefab
  artifactKey: Guid(842a3bcff351ece4cbd268c839690d66) Importer(815301076,1909f56bfc062723c751e8b465ee728b)
Start importing Assets/ProcGenAssignment/Rooms/Room-0-0.prefab using Guid(842a3bcff351ece4cbd268c839690d66) Importer(815301076,1909f56bfc062723c751e8b465ee728b)  -> (artifact id: 'f6eb9885b3713eb71440ef6b83601529') in 2.457710 seconds 
  Import took 2.475038 seconds .

========================================================================
Received Import Request.
  Time since last request: 0.000294 seconds.
  path: Assets/ProcGenAssignment/Rooms/Room-4-0.prefab
  artifactKey: Guid(d6f5a8eaf1fb648418297e0a3c5f0f37) Importer(815301076,1909f56bfc062723c751e8b465ee728b)
Start importing Assets/ProcGenAssignment/Rooms/Room-4-0.prefab using Guid(d6f5a8eaf1fb648418297e0a3c5f0f37) Importer(815301076,1909f56bfc062723c751e8b465ee728b)  -> (artifact id: '247c99d88f3eba641e8599ca27faf396') in 0.962836 seconds 
  Import took 0.977595 seconds .

========================================================================
Received Import Request.
  Time since last request: 0.000384 seconds.
  path: Assets/ProcGenAssignment/Rooms/Room-3-0.prefab
  artifactKey: Guid(c3c53d5a75f581f46b4711cc90db8328) Importer(815301076,1909f56bfc062723c751e8b465ee728b)
Start importing Assets/ProcGenAssignment/Rooms/Room-3-0.prefab using Guid(c3c53d5a75f581f46b4711cc90db8328) Importer(815301076,1909f56bfc062723c751e8b465ee728b)  -> (artifact id: '30b98c21f7beb96bf9b120b515f713a5') in 0.610567 seconds 
  Import took 0.619581 seconds .

========================================================================
Received Import Request.
  Time since last request: 0.000371 seconds.
  path: Assets/ProcGenAssignment/Rooms/Room-1-0.prefab
  artifactKey: Guid(8b9e8bc4c9844c0499f034c4616b04c8) Importer(815301076,1909f56bfc062723c751e8b465ee728b)
Start importing Assets/ProcGenAssignment/Rooms/Room-1-0.prefab using Guid(8b9e8bc4c9844c0499f034c4616b04c8) Importer(815301076,1909f56bfc062723c751e8b465ee728b)  -> (artifact id: '6241a197845c4dce3eccce77f7979f6d') in 0.293558 seconds 
  Import took 0.309157 seconds .

========================================================================
Received Import Request.
  Time since last request: 0.000478 seconds.
  path: Assets/ProcGenAssignment/Rooms/Room-2-0.prefab
  artifactKey: Guid(5548ad597a9dc4d46a1d02ee379bb4cb) Importer(815301076,1909f56bfc062723c751e8b465ee728b)
Start importing Assets/ProcGenAssignment/Rooms/Room-2-0.prefab using Guid(5548ad597a9dc4d46a1d02ee379bb4cb) Importer(815301076,1909f56bfc062723c751e8b465ee728b)  -> (artifact id: 'ac39352a6ed2416aa4ae3aac112d07cd') in 0.229573 seconds 
  Import took 0.240580 seconds .

========================================================================
Received Import Request.
  Time since last request: 606.254817 seconds.
  path: Assets/ProcGenAssignment/Obstacles
  artifactKey: Guid(65ce4cf3cfb631141ac67045bdd4e5ba) Importer(815301076,1909f56bfc062723c751e8b465ee728b)
Start importing Assets/ProcGenAssignment/Obstacles using Guid(65ce4cf3cfb631141ac67045bdd4e5ba) Importer(815301076,1909f56bfc062723c751e8b465ee728b)  -> (artifact id: '2ddfe509c891ee70e5c9971878630352') in 0.037559 seconds 
  Import took 0.274014 seconds .

========================================================================
Received Import Request.
  Time since last request: 0.000759 seconds.
  path: Assets/ProcGenAssignment/Obstacles/DollArm.prefab
  artifactKey: Guid(e8c5112c15b0a844eb48296be8db9a84) Importer(815301076,1909f56bfc062723c751e8b465ee728b)
Start importing Assets/ProcGenAssignment/Obstacles/DollArm.prefab using Guid(e8c5112c15b0a844eb48296be8db9a84) Importer(815301076,1909f56bfc062723c751e8b465ee728b)  -> (artifact id: 'fd346ad775a5e96bac52b4f92dc94d93') in 0.344831 seconds 
  Import took 0.351827 seconds .

========================================================================
Received Import Request.
  Time since last request: 0.000267 seconds.
  path: Assets/ProcGenAssignment/Obstacles/Stool.prefab
  artifactKey: Guid(4a05abfa45d347d4abdac58ef0080414) Importer(815301076,1909f56bfc062723c751e8b465ee728b)
Start importing Assets/ProcGenAssignment/Obstacles/Stool.prefab using Guid(4a05abfa45d347d4abdac58ef0080414) Importer(815301076,1909f56bfc062723c751e8b465ee728b)  -> (artifact id: '1703f512f493be062ebc9b746a06ac87') in 0.156513 seconds 
  Import took 0.164999 seconds .

========================================================================
Received Import Request.
  Time since last request: 0.000674 seconds.
  path: Assets/ProcGenAssignment/Obstacles/Robot.prefab
  artifactKey: Guid(ff739fe8e65f1f14daa52c584b5547a3) Importer(815301076,1909f56bfc062723c751e8b465ee728b)
Start importing Assets/ProcGenAssignment/Obstacles/Robot.prefab using Guid(ff739fe8e65f1f14daa52c584b5547a3) Importer(815301076,1909f56bfc062723c751e8b465ee728b)  -> (artifact id: 'dfb7229fb477e5b6be1d911c15bbc540') in 0.142390 seconds 
  Import took 0.149717 seconds .

========================================================================
Received Import Request.
  Time since last request: 0.000337 seconds.
  path: Assets/ProcGenAssignment/Obstacles/Dollhouse.prefab
  artifactKey: Guid(cf1d80e6b95743e4183009087ed5a058) Importer(815301076,1909f56bfc062723c751e8b465ee728b)
Start importing Assets/ProcGenAssignment/Obstacles/Dollhouse.prefab using Guid(cf1d80e6b95743e4183009087ed5a058) Importer(815301076,1909f56bfc062723c751e8b465ee728b)  -> (artifact id: 'a6ac054e844899b8cd2301c27c59bbe3') in 0.075082 seconds 
  Import took 0.082040 seconds .

========================================================================
Received Import Request.
  Time since last request: 0.000198 seconds.
  path: Assets/ProcGenAssignment/Obstacles/Hearse.prefab
  artifactKey: Guid(d9df1d12ece5fbf4bb39ec6c134d7ee6) Importer(815301076,1909f56bfc062723c751e8b465ee728b)
Start importing Assets/ProcGenAssignment/Obstacles/Hearse.prefab using Guid(d9df1d12ece5fbf4bb39ec6c134d7ee6) Importer(815301076,1909f56bfc062723c751e8b465ee728b)  -> (artifact id: '66830d09ed9c792d6867eb377dbbfe3b') in 0.122961 seconds 
  Import took 0.128577 seconds .

========================================================================
Received Import Request.
  Time since last request: 0.000246 seconds.
  path: Assets/ProcGenAssignment/Obstacles/SpinningTop.prefab
  artifactKey: Guid(7f32c5575ae70244a8a66c3999f8d3cb) Importer(815301076,1909f56bfc062723c751e8b465ee728b)
Start importing Assets/ProcGenAssignment/Obstacles/SpinningTop.prefab using Guid(7f32c5575ae70244a8a66c3999f8d3cb) Importer(815301076,1909f56bfc062723c751e8b465ee728b)  -> (artifact id: '064af3c62b7c384a33986d4c16d02a40') in 0.061607 seconds 
  Import took 0.071646 seconds .

========================================================================
Received Import Request.
  Time since last request: 0.000244 seconds.
  path: Assets/ProcGenAssignment/Obstacles/Bat.prefab
  artifactKey: Guid(10f6327b4979b094bac3162a7229aed6) Importer(815301076,1909f56bfc062723c751e8b465ee728b)
Start importing Assets/ProcGenAssignment/Obstacles/Bat.prefab using Guid(10f6327b4979b094bac3162a7229aed6) Importer(815301076,1909f56bfc062723c751e8b465ee728b)  -> (artifact id: '01aec3117c8497649ddea39ddd78acdb') in 0.085987 seconds 
  Import took 0.093456 seconds .

========================================================================
Received Import Request.
  Time since last request: 0.000305 seconds.
  path: Assets/ProcGenAssignment/Obstacles/Floor.prefab
  artifactKey: Guid(32c60ce8b4566fa479c83c603a816bde) Importer(815301076,1909f56bfc062723c751e8b465ee728b)
Start importing Assets/ProcGenAssignment/Obstacles/Floor.prefab using Guid(32c60ce8b4566fa479c83c603a816bde) Importer(815301076,1909f56bfc062723c751e8b465ee728b)  -> (artifact id: 'd427f9098f60e7c83b74a0169c6dd8ff') in 0.320159 seconds 
  Import took 0.328127 seconds .

========================================================================
Received Import Request.
  Time since last request: 0.000261 seconds.
  path: Assets/ProcGenAssignment/Obstacles/Blox.prefab
  artifactKey: Guid(5d72c631eff38c341a6ead9ee3a2bcc9) Importer(815301076,1909f56bfc062723c751e8b465ee728b)
Start importing Assets/ProcGenAssignment/Obstacles/Blox.prefab using Guid(5d72c631eff38c341a6ead9ee3a2bcc9) Importer(815301076,1909f56bfc062723c751e8b465ee728b)  -> (artifact id: 'fcc3359467075928f9a66470a64cadf4') in 0.067226 seconds 
  Import took 0.076918 seconds .

========================================================================
Received Import Request.
  Time since last request: 0.000238 seconds.
  path: Assets/ProcGenAssignment/Obstacles/Firetruck.prefab
  artifactKey: Guid(a123e5c862c194249bcdd76f31ca7239) Importer(815301076,1909f56bfc062723c751e8b465ee728b)
Start importing Assets/ProcGenAssignment/Obstacles/Firetruck.prefab using Guid(a123e5c862c194249bcdd76f31ca7239) Importer(815301076,1909f56bfc062723c751e8b465ee728b)  -> (artifact id: '83a5f6dbeb1f0be45f7edcdd830a91ec') in 0.108536 seconds 
  Import took 0.118238 seconds .

========================================================================
Received Import Request.
  Time since last request: 0.000246 seconds.
  path: Assets/ProcGenAssignment/Obstacles/Drawers.prefab
  artifactKey: Guid(7f7d89be873c10b4aa3c370afe2dc13f) Importer(815301076,1909f56bfc062723c751e8b465ee728b)
Start importing Assets/ProcGenAssignment/Obstacles/Drawers.prefab using Guid(7f7d89be873c10b4aa3c370afe2dc13f) Importer(815301076,1909f56bfc062723c751e8b465ee728b)  -> (artifact id: '8f0827f4e67fc112a9486a3792462052') in 0.090933 seconds 
  Import took 0.101131 seconds .

========================================================================
Received Import Request.
  Time since last request: 0.002506 seconds.
  path: Assets/ProcGenAssignment/Obstacles/Clock.prefab
  artifactKey: Guid(c522921cc6e268346bba9b2c850a62eb) Importer(815301076,1909f56bfc062723c751e8b465ee728b)
Start importing Assets/ProcGenAssignment/Obstacles/Clock.prefab using Guid(c522921cc6e268346bba9b2c850a62eb) Importer(815301076,1909f56bfc062723c751e8b465ee728b)  -> (artifact id: '3446aeff9239cb6f3fa1a325def7d990') in 0.072115 seconds 
  Import took 0.080695 seconds .

========================================================================
Received Import Request.
  Time since last request: 0.000257 seconds.
  path: Assets/ProcGenAssignment/Obstacles/Arches.prefab
  artifactKey: Guid(f6e3ee53e6298d14cb0f19d0f97cca61) Importer(815301076,1909f56bfc062723c751e8b465ee728b)
Start importing Assets/ProcGenAssignment/Obstacles/Arches.prefab using Guid(f6e3ee53e6298d14cb0f19d0f97cca61) Importer(815301076,1909f56bfc062723c751e8b465ee728b)  -> (artifact id: 'bceaad05dcc4150831dcdeb87e10208b') in 0.059883 seconds 
  Import took 0.067227 seconds .

========================================================================
Received Import Request.
  Time since last request: 0.000580 seconds.
  path: Assets/ProcGenAssignment/Obstacles/Train.prefab
  artifactKey: Guid(7760ba6f928e44f42bcd6125140f7992) Importer(815301076,1909f56bfc062723c751e8b465ee728b)
Start importing Assets/ProcGenAssignment/Obstacles/Train.prefab using Guid(7760ba6f928e44f42bcd6125140f7992) Importer(815301076,1909f56bfc062723c751e8b465ee728b)  -> (artifact id: '7f4f32a243ed9ccebebd096e6b2ab3dc') in 0.070858 seconds 
  Import took 0.080626 seconds .

========================================================================
Received Import Request.
  Time since last request: 18.113811 seconds.
  path: Assets/Scenes
  artifactKey: Guid(cdbfea932550f204fb3aa3f973f9ad16) Importer(815301076,1909f56bfc062723c751e8b465ee728b)
Start importing Assets/Scenes using Guid(cdbfea932550f204fb3aa3f973f9ad16) Importer(815301076,1909f56bfc062723c751e8b465ee728b)  -> (artifact id: 'eb20d0b1c6bd18f7adf8079d435ab8d3') in 0.019694 seconds 
  Import took 0.028478 seconds .

========================================================================
Received Import Request.
  Time since last request: 20.415938 seconds.
  path: Assets/Scripts/Player
  artifactKey: Guid(8672e797300c5c641a68651b50a080c8) Importer(815301076,1909f56bfc062723c751e8b465ee728b)
Start importing Assets/Scripts/Player using Guid(8672e797300c5c641a68651b50a080c8) Importer(815301076,1909f56bfc062723c751e8b465ee728b)  -> (artifact id: '7f2ab0b0e60ad61a9d6261c32f0ed572') in 0.018540 seconds 
  Import took 0.025503 seconds .

========================================================================
Received Import Request.
  Time since last request: 19.543672 seconds.
  path: Assets/Resources
  artifactKey: Guid(b0479320843435047b126fdd92d20a9c) Importer(815301076,1909f56bfc062723c751e8b465ee728b)
Start importing Assets/Resources using Guid(b0479320843435047b126fdd92d20a9c) Importer(815301076,1909f56bfc062723c751e8b465ee728b)  -> (artifact id: '59836dd44b41e611f8b34d5a409e45b4') in 0.016996 seconds 
  Import took 0.023475 seconds .

========================================================================
Received Import Request.
  Time since last request: 5.645966 seconds.
  path: Assets/ProcGenAssignment
  artifactKey: Guid(7aeec26c64e8589438120bcd987735f5) Importer(815301076,1909f56bfc062723c751e8b465ee728b)
Start importing Assets/ProcGenAssignment using Guid(7aeec26c64e8589438120bcd987735f5) Importer(815301076,1909f56bfc062723c751e8b465ee728b)  -> (artifact id: '1a913c3f5bd8539bf19288b2a7a5e28a') in 0.018827 seconds 
  Import took 0.028571 seconds .

========================================================================
Received Import Request.
  Time since last request: 2028.293305 seconds.
  path: Assets/Scenes/Level 01 5.x
  artifactKey: Guid(b363dca427bf4b540b6bfa78297e4fe9) Importer(815301076,1909f56bfc062723c751e8b465ee728b)
Start importing Assets/Scenes/Level 01 5.x using Guid(b363dca427bf4b540b6bfa78297e4fe9) Importer(815301076,1909f56bfc062723c751e8b465ee728b)  -> (artifact id: '2a2689217e3776c4ecbebbde1fb20dc2') in 0.039507 seconds 
  Import took 0.374113 seconds .

========================================================================
Received Import Request.
  Time since last request: 0.000835 seconds.
  path: Assets/Scenes/Level 01 5.x/NavMesh.asset
  artifactKey: Guid(c32a3cf85f0ca304f925c76bc68d593c) Importer(815301076,1909f56bfc062723c751e8b465ee728b)
Start importing Assets/Scenes/Level 01 5.x/NavMesh.asset using Guid(c32a3cf85f0ca304f925c76bc68d593c) Importer(815301076,1909f56bfc062723c751e8b465ee728b)  -> (artifact id: '5a41474a9887bec42e8c1b46392cb88f') in 0.148845 seconds 
  Import took 0.159883 seconds .

========================================================================
Received Import Request.
  Time since last request: 0.000325 seconds.
  path: Assets/Scenes/Level 01 5.x/LightmapSnapshot.asset
  artifactKey: Guid(799903c2c74440a4999fdf2ba804d026) Importer(815301076,1909f56bfc062723c751e8b465ee728b)
Start importing Assets/Scenes/Level 01 5.x/LightmapSnapshot.asset using Guid(799903c2c74440a4999fdf2ba804d026) Importer(815301076,1909f56bfc062723c751e8b465ee728b) Lighting data asset ‘LightmapSnapshot’ is inconsistent because 16 files out of 80 are missing.  Please use Generate Lighting to rebuild the lighting data.
Lighting data asset ‘LightmapSnapshot’ is incompatible with the current Unity version. Please use Generate Lighting to rebuild the lighting data.  Realtime Global Illumination cannot be used until the lighting data is rebuilt.
 -> (artifact id: '95d3674638f9f22a45dc1592fd353eb6') in 0.455214 seconds 
  Import took 0.464055 seconds .

========================================================================
Received Import Request.
  Time since last request: 0.000386 seconds.
  path: Assets/Scenes/Level 01 5.x/ReflectionProbe-0.exr
  artifactKey: Guid(7356f4f7769cd934084f35f6cb3e6752) Importer(815301076,1909f56bfc062723c751e8b465ee728b)
Start importing Assets/Scenes/Level 01 5.x/ReflectionProbe-0.exr using Guid(7356f4f7769cd934084f35f6cb3e6752) Importer(815301076,1909f56bfc062723c751e8b465ee728b)  -> (artifact id: '7fb08955c2775d700efc29fae88ab7bb') in 0.517741 seconds 
  Import took 0.526328 seconds .

========================================================================
Received Import Request.
  Time since last request: 0.000240 seconds.
  path: Assets/Scenes/Level 01 5.x/SkyboxProbe-0.exr
  artifactKey: Guid(bc8e93969ad6e03438ed2f3541f8d29a) Importer(815301076,1909f56bfc062723c751e8b465ee728b)
Start importing Assets/Scenes/Level 01 5.x/SkyboxProbe-0.exr using Guid(bc8e93969ad6e03438ed2f3541f8d29a) Importer(815301076,1909f56bfc062723c751e8b465ee728b)  -> (artifact id: 'daf2045fd06319c3d1d98e0223c0029b') in 0.077928 seconds 
  Import took 0.085738 seconds .

========================================================================
Received Prepare
Registering precompiled user dll's ...
Registered in 1.649452 seconds.
Begin MonoManager ReloadAssembly
Native extension for WindowsStandalone target not found
Refreshing native plugins compatible for Editor in 14.51 ms, found 2 plugins.
Preloading 0 native plugins for Editor in 0.00 ms.
Mono: successfully reloaded assembly
- Completed reload, in  5.611 seconds
Domain Reload Profiling:
	ReloadAssembly (5632ms)
		BeginReloadAssembly (1167ms)
			ExecutionOrderSort (0ms)
			DisableScriptedObjects (102ms)
			BackupInstance (0ms)
			ReleaseScriptingObjects (1ms)
			CreateAndSetChildDomain (479ms)
		EndReloadAssembly (4265ms)
			LoadAssemblies (569ms)
			RebuildTransferFunctionScriptingTraits (2ms)
			SetupTypeCache (742ms)
			ReleaseScriptCaches (3ms)
			RebuildScriptCaches (100ms)
			SetupLoadedEditorAssemblies (2756ms)
				LogAssemblyErrors (0ms)
				InitializePlatformSupportModulesInManaged (268ms)
				SetLoadedEditorAssemblies (32ms)
				RefreshPlugins (28ms)
				BeforeProcessingInitializeOnLoad (661ms)
				ProcessInitializeOnLoadAttributes (496ms)
				ProcessInitializeOnLoadMethodAttributes (1258ms)
				AfterProcessingInitializeOnLoad (10ms)
				EditorAssembliesLoaded (1ms)
			ExecutionOrderSort2 (0ms)
			AwakeInstancesAfterBackupRestoration (11ms)
Platform modules already initialized, skipping
Refreshing native plugins compatible for Editor in 0.92 ms, found 2 plugins.
Preloading 0 native plugins for Editor in 0.00 ms.
Unloading 2602 Unused Serialized files (Serialized files now loaded: 0)
System memory in use before: 108.3 MB.
System memory in use after: 108.5 MB.

Unloading 53 unused Assets to reduce memory usage. Loaded Objects now: 3083.
Total: 28.670900 ms (FindLiveObjects: 1.984200 ms CreateObjectMapping: 0.748600 ms MarkObjects: 25.500700 ms  DeleteObjects: 0.435400 ms)

AssetImportParameters requested are different than current active one (requested -> active):
  custom:framework-win-MediaFoundation: 216162199b28c13a410421893ffa2e32 -> 
  custom:video-decoder-ogg-theora: a1e56fd34408186e4bbccfd4996cb3dc -> 
  custom:container-muxer-webm: aa71ff27fc2769a1b78a27578f13a17b -> 
  custom:container-demuxer-webm: 4f35f7cbe854078d1ac9338744f61a02 -> 
  custom:container-demuxer-ogg: 62fdf1f143b41e24485cea50d1cbac27 -> 
  custom:video-encoder-webm-vp8: eb34c28f22e8b96e1ab97ce403110664 -> 
  custom:video-decoder-webm-vp8: 9c59270c3fd7afecdb556c50c9e8de78 -> 
  custom:audio-decoder-ogg-vorbis: bf7c407c2cedff20999df2af8eb42d56 -> 
  custom:audio-encoder-webm-vorbis: bf7c407c2cedff20999df2af8eb42d56 -> 
========================================================================
Received Import Request.
  Time since last request: 49689.870459 seconds.
  path: Assets/ProcGenAssignment/LevelManager.cs
  artifactKey: Guid(0608697915ee65d42b707945811b7d3a) Importer(815301076,1909f56bfc062723c751e8b465ee728b)
Start importing Assets/ProcGenAssignment/LevelManager.cs using Guid(0608697915ee65d42b707945811b7d3a) Importer(815301076,1909f56bfc062723c751e8b465ee728b)  -> (artifact id: '6a9faabcc8b7ba66499bf34fd079a3e6') in 0.640977 seconds 
  Import took 1.339363 seconds .

========================================================================
Received Prepare
Registering precompiled user dll's ...
Registered in 0.016872 seconds.
Begin MonoManager ReloadAssembly
Native extension for WindowsStandalone target not found
Refreshing native plugins compatible for Editor in 1.02 ms, found 2 plugins.
Preloading 0 native plugins for Editor in 0.00 ms.
Mono: successfully reloaded assembly
- Completed reload, in  2.798 seconds
Domain Reload Profiling:
	ReloadAssembly (2804ms)
		BeginReloadAssembly (1011ms)
			ExecutionOrderSort (0ms)
			DisableScriptedObjects (74ms)
			BackupInstance (0ms)
			ReleaseScriptingObjects (0ms)
			CreateAndSetChildDomain (487ms)
		EndReloadAssembly (1612ms)
			LoadAssemblies (261ms)
			RebuildTransferFunctionScriptingTraits (0ms)
			SetupTypeCache (534ms)
			ReleaseScriptCaches (2ms)
			RebuildScriptCaches (89ms)
			SetupLoadedEditorAssemblies (599ms)
				LogAssemblyErrors (0ms)
				InitializePlatformSupportModulesInManaged (8ms)
				SetLoadedEditorAssemblies (1ms)
				RefreshPlugins (1ms)
				BeforeProcessingInitializeOnLoad (167ms)
				ProcessInitializeOnLoadAttributes (352ms)
				ProcessInitializeOnLoadMethodAttributes (61ms)
				AfterProcessingInitializeOnLoad (9ms)
				EditorAssembliesLoaded (0ms)
			ExecutionOrderSort2 (0ms)
			AwakeInstancesAfterBackupRestoration (9ms)
Platform modules already initialized, skipping
Refreshing native plugins compatible for Editor in 0.81 ms, found 2 plugins.
Preloading 0 native plugins for Editor in 0.00 ms.
Unloading 2602 Unused Serialized files (Serialized files now loaded: 0)
System memory in use before: 108.3 MB.
System memory in use after: 108.5 MB.

Unloading 53 unused Assets to reduce memory usage. Loaded Objects now: 3085.
Total: 12.513300 ms (FindLiveObjects: 0.385700 ms CreateObjectMapping: 0.261500 ms MarkObjects: 11.804100 ms  DeleteObjects: 0.059500 ms)

AssetImportParameters requested are different than current active one (requested -> active):
  custom:framework-win-MediaFoundation: 216162199b28c13a410421893ffa2e32 -> 
  custom:video-decoder-ogg-theora: a1e56fd34408186e4bbccfd4996cb3dc -> 
  custom:container-muxer-webm: aa71ff27fc2769a1b78a27578f13a17b -> 
  custom:container-demuxer-webm: 4f35f7cbe854078d1ac9338744f61a02 -> 
  custom:container-demuxer-ogg: 62fdf1f143b41e24485cea50d1cbac27 -> 
  custom:video-encoder-webm-vp8: eb34c28f22e8b96e1ab97ce403110664 -> 
  custom:video-decoder-webm-vp8: 9c59270c3fd7afecdb556c50c9e8de78 -> 
  custom:audio-decoder-ogg-vorbis: bf7c407c2cedff20999df2af8eb42d56 -> 
  custom:audio-encoder-webm-vorbis: bf7c407c2cedff20999df2af8eb42d56 -> 
========================================================================
Received Import Request.
  Time since last request: 7813.275885 seconds.
  path: Assets/Materials/FlareParticleMaterial.mat
  artifactKey: Guid(b75a561f374f89247a62336b50288d40) Importer(815301076,1909f56bfc062723c751e8b465ee728b)
Start importing Assets/Materials/FlareParticleMaterial.mat using Guid(b75a561f374f89247a62336b50288d40) Importer(815301076,1909f56bfc062723c751e8b465ee728b)  -> (artifact id: '0c762469b3267282b594a82406d1c1d0') in 0.213904 seconds 
  Import took 0.224309 seconds .

========================================================================
Received Import Request.
  Time since last request: 38.366344 seconds.
  path: Assets/Audio/Effects/Player Death.wav
  artifactKey: Guid(d36a393bca4582043982db9089e1694f) Importer(815301076,1909f56bfc062723c751e8b465ee728b)
Start importing Assets/Audio/Effects/Player Death.wav using Guid(d36a393bca4582043982db9089e1694f) Importer(815301076,1909f56bfc062723c751e8b465ee728b)  -> (artifact id: 'd5612031fa9de3b66a3e9ac0500b663f') in 0.169531 seconds 
  Import took 0.178206 seconds .

========================================================================
Received Import Request.
  Time since last request: 0.000373 seconds.
  path: Assets/Audio/Effects/ZomBunny Hurt.wav
  artifactKey: Guid(02e6208ec76314158a9f548f51fe9f11) Importer(815301076,1909f56bfc062723c751e8b465ee728b)
Start importing Assets/Audio/Effects/ZomBunny Hurt.wav using Guid(02e6208ec76314158a9f548f51fe9f11) Importer(815301076,1909f56bfc062723c751e8b465ee728b)  -> (artifact id: '56f356aa62c8590f4415800be7f51a49') in 0.037707 seconds 
  Import took 0.045913 seconds .

========================================================================
Received Import Request.
  Time since last request: 0.001380 seconds.
  path: Assets/Audio/Effects/ZomBunny Death.wav
  artifactKey: Guid(1d3bfb9269f136947bf8ac164cace1ff) Importer(815301076,1909f56bfc062723c751e8b465ee728b)
Start importing Assets/Audio/Effects/ZomBunny Death.wav using Guid(1d3bfb9269f136947bf8ac164cace1ff) Importer(815301076,1909f56bfc062723c751e8b465ee728b)  -> (artifact id: '5ba4bbfe8e2d76ca7eb40fc3b6b50c73') in 0.031244 seconds 
  Import took 0.040412 seconds .

========================================================================
Received Import Request.
  Time since last request: 0.000253 seconds.
  path: Assets/Audio/Effects/ZomBear Hurt.wav
  artifactKey: Guid(1d4840678e677424b8921716c72397ea) Importer(815301076,1909f56bfc062723c751e8b465ee728b)
Start importing Assets/Audio/Effects/ZomBear Hurt.wav using Guid(1d4840678e677424b8921716c72397ea) Importer(815301076,1909f56bfc062723c751e8b465ee728b)  -> (artifact id: '7e1c79a07fdbfcf4b01ae3e0d58f8d3e') in 0.039232 seconds 
  Import took 0.048165 seconds .

========================================================================
Received Import Request.
  Time since last request: 0.000192 seconds.
  path: Assets/Audio/Effects/Player Hurt.wav
  artifactKey: Guid(9922a12f34d0a084aab32de985459723) Importer(815301076,1909f56bfc062723c751e8b465ee728b)
Start importing Assets/Audio/Effects/Player Hurt.wav using Guid(9922a12f34d0a084aab32de985459723) Importer(815301076,1909f56bfc062723c751e8b465ee728b)  -> (artifact id: 'e249a9a27591c7bdbfc2dee96718792c') in 0.030925 seconds 
  Import took 0.037934 seconds .

========================================================================
Received Import Request.
  Time since last request: 0.000213 seconds.
  path: Assets/Audio/Effects/Player GunShot.wav
  artifactKey: Guid(fa7f046ce321d4021b5e753bf1152916) Importer(815301076,1909f56bfc062723c751e8b465ee728b)
Start importing Assets/Audio/Effects/Player GunShot.wav using Guid(fa7f046ce321d4021b5e753bf1152916) Importer(815301076,1909f56bfc062723c751e8b465ee728b)  -> (artifact id: 'a340be3fe97cf4c7f905be62e8e288ad') in 0.032893 seconds 
  Import took 0.042130 seconds .

========================================================================
Received Import Request.
  Time since last request: 0.000278 seconds.
  path: Assets/Audio/Effects/ZomBear Death.wav
  artifactKey: Guid(62366b8d2c37a49dca550841c741317f) Importer(815301076,1909f56bfc062723c751e8b465ee728b)
Start importing Assets/Audio/Effects/ZomBear Death.wav using Guid(62366b8d2c37a49dca550841c741317f) Importer(815301076,1909f56bfc062723c751e8b465ee728b)  -> (artifact id: '70aca9795e3e8b9a952a6a02a3a971f0') in 0.031627 seconds 
  Import took 0.037986 seconds .

========================================================================
Received Import Request.
  Time since last request: 2.642214 seconds.
  path: Assets/Audio/Effects/Hellephant Death.wav
  artifactKey: Guid(8c615fd0429f34edf85539d70279360d) Importer(815301076,1909f56bfc062723c751e8b465ee728b)
Start importing Assets/Audio/Effects/Hellephant Death.wav using Guid(8c615fd0429f34edf85539d70279360d) Importer(815301076,1909f56bfc062723c751e8b465ee728b)  -> (artifact id: 'bbe7cc6bfb6f88c46cc3ea0d0a419448') in 0.027191 seconds 
  Import took 0.034890 seconds .

========================================================================
Received Import Request.
  Time since last request: 0.000387 seconds.
  path: Assets/Audio/Effects/Hellephant Hurt.wav
  artifactKey: Guid(fce027b40770a44298a6f5a4233bfb04) Importer(815301076,1909f56bfc062723c751e8b465ee728b)
Start importing Assets/Audio/Effects/Hellephant Hurt.wav using Guid(fce027b40770a44298a6f5a4233bfb04) Importer(815301076,1909f56bfc062723c751e8b465ee728b)  -> (artifact id: '5ed4dceebb937d4477efdc07acc719f4') in 0.033278 seconds 
  Import took 0.040278 seconds .

========================================================================
Received Import Request.
  Time since last request: 0.558350 seconds.
  path: Assets/Audio/Music/Background Music.mp3
  artifactKey: Guid(4fff99673a41e24439d527ad0bd6b569) Importer(815301076,1909f56bfc062723c751e8b465ee728b)
Start importing Assets/Audio/Music/Background Music.mp3 using Guid(4fff99673a41e24439d527ad0bd6b569) Importer(815301076,1909f56bfc062723c751e8b465ee728b)  -> (artifact id: 'bd818bc6e232ccdb0af5e8bdb7ae2788') in 0.029218 seconds 
  Import took 0.034787 seconds .

========================================================================
Received Prepare
Registering precompiled user dll's ...
Registered in 0.016434 seconds.
Begin MonoManager ReloadAssembly
Native extension for WindowsStandalone target not found
Refreshing native plugins compatible for Editor in 1.11 ms, found 2 plugins.
Preloading 0 native plugins for Editor in 0.00 ms.
Mono: successfully reloaded assembly
- Completed reload, in  1.617 seconds
Domain Reload Profiling:
	ReloadAssembly (1618ms)
		BeginReloadAssembly (185ms)
			ExecutionOrderSort (0ms)
			DisableScriptedObjects (8ms)
			BackupInstance (0ms)
			ReleaseScriptingObjects (0ms)
			CreateAndSetChildDomain (61ms)
		EndReloadAssembly (1349ms)
			LoadAssemblies (134ms)
			RebuildTransferFunctionScriptingTraits (0ms)
			SetupTypeCache (401ms)
			ReleaseScriptCaches (1ms)
			RebuildScriptCaches (75ms)
			SetupLoadedEditorAssemblies (598ms)
				LogAssemblyErrors (0ms)
				InitializePlatformSupportModulesInManaged (6ms)
				SetLoadedEditorAssemblies (1ms)
				RefreshPlugins (1ms)
				BeforeProcessingInitializeOnLoad (159ms)
				ProcessInitializeOnLoadAttributes (362ms)
				ProcessInitializeOnLoadMethodAttributes (59ms)
				AfterProcessingInitializeOnLoad (9ms)
				EditorAssembliesLoaded (0ms)
			ExecutionOrderSort2 (0ms)
			AwakeInstancesAfterBackupRestoration (10ms)
Platform modules already initialized, skipping
Refreshing native plugins compatible for Editor in 0.96 ms, found 2 plugins.
Preloading 0 native plugins for Editor in 0.00 ms.
Unloading 2602 Unused Serialized files (Serialized files now loaded: 0)
System memory in use before: 108.4 MB.
System memory in use after: 108.6 MB.

Unloading 54 unused Assets to reduce memory usage. Loaded Objects now: 3090.
Total: 8.686400 ms (FindLiveObjects: 0.277400 ms CreateObjectMapping: 0.123000 ms MarkObjects: 8.208000 ms  DeleteObjects: 0.076800 ms)

AssetImportParameters requested are different than current active one (requested -> active):
  custom:framework-win-MediaFoundation: 216162199b28c13a410421893ffa2e32 -> 
  custom:video-decoder-ogg-theora: a1e56fd34408186e4bbccfd4996cb3dc -> 
  custom:container-muxer-webm: aa71ff27fc2769a1b78a27578f13a17b -> 
  custom:container-demuxer-webm: 4f35f7cbe854078d1ac9338744f61a02 -> 
  custom:container-demuxer-ogg: 62fdf1f143b41e24485cea50d1cbac27 -> 
  custom:video-encoder-webm-vp8: eb34c28f22e8b96e1ab97ce403110664 -> 
  custom:video-decoder-webm-vp8: 9c59270c3fd7afecdb556c50c9e8de78 -> 
  custom:audio-decoder-ogg-vorbis: bf7c407c2cedff20999df2af8eb42d56 -> 
  custom:audio-encoder-webm-vorbis: bf7c407c2cedff20999df2af8eb42d56 -> 
========================================================================
Received Prepare
Registering precompiled user dll's ...
Registered in 0.172283 seconds.
Begin MonoManager ReloadAssembly
Native extension for WindowsStandalone target not found
Refreshing native plugins compatible for Editor in 2.03 ms, found 2 plugins.
Preloading 0 native plugins for Editor in 0.00 ms.
Mono: successfully reloaded assembly
- Completed reload, in  2.537 seconds
Domain Reload Profiling:
	ReloadAssembly (2543ms)
		BeginReloadAssembly (757ms)
			ExecutionOrderSort (0ms)
			DisableScriptedObjects (74ms)
			BackupInstance (0ms)
			ReleaseScriptingObjects (3ms)
			CreateAndSetChildDomain (307ms)
		EndReloadAssembly (1683ms)
			LoadAssemblies (195ms)
			RebuildTransferFunctionScriptingTraits (0ms)
			SetupTypeCache (490ms)
			ReleaseScriptCaches (4ms)
			RebuildScriptCaches (86ms)
			SetupLoadedEditorAssemblies (733ms)
				LogAssemblyErrors (0ms)
				InitializePlatformSupportModulesInManaged (12ms)
				SetLoadedEditorAssemblies (1ms)
				RefreshPlugins (2ms)
				BeforeProcessingInitializeOnLoad (259ms)
				ProcessInitializeOnLoadAttributes (370ms)
				ProcessInitializeOnLoadMethodAttributes (77ms)
				AfterProcessingInitializeOnLoad (11ms)
				EditorAssembliesLoaded (0ms)
			ExecutionOrderSort2 (0ms)
			AwakeInstancesAfterBackupRestoration (15ms)
Platform modules already initialized, skipping
Refreshing native plugins compatible for Editor in 1.21 ms, found 2 plugins.
Preloading 0 native plugins for Editor in 0.00 ms.
Unloading 2602 Unused Serialized files (Serialized files now loaded: 0)
System memory in use before: 108.4 MB.
System memory in use after: 108.6 MB.

Unloading 53 unused Assets to reduce memory usage. Loaded Objects now: 3092.
Total: 21.738400 ms (FindLiveObjects: 1.119800 ms CreateObjectMapping: 0.255000 ms MarkObjects: 19.708800 ms  DeleteObjects: 0.650600 ms)

AssetImportParameters requested are different than current active one (requested -> active):
  custom:framework-win-MediaFoundation: 216162199b28c13a410421893ffa2e32 -> 
  custom:video-decoder-ogg-theora: a1e56fd34408186e4bbccfd4996cb3dc -> 
  custom:container-muxer-webm: aa71ff27fc2769a1b78a27578f13a17b -> 
  custom:container-demuxer-webm: 4f35f7cbe854078d1ac9338744f61a02 -> 
  custom:container-demuxer-ogg: 62fdf1f143b41e24485cea50d1cbac27 -> 
  custom:video-encoder-webm-vp8: eb34c28f22e8b96e1ab97ce403110664 -> 
  custom:video-decoder-webm-vp8: 9c59270c3fd7afecdb556c50c9e8de78 -> 
  custom:audio-decoder-ogg-vorbis: bf7c407c2cedff20999df2af8eb42d56 -> 
  custom:audio-encoder-webm-vorbis: bf7c407c2cedff20999df2af8eb42d56 -> 
========================================================================
Received Import Request.
  Time since last request: 18457.829310 seconds.
  path: Assets/Scenes/test
  artifactKey: Guid(50ac663fd451ef0429c331478d2f59ee) Importer(815301076,1909f56bfc062723c751e8b465ee728b)
Start importing Assets/Scenes/test using Guid(50ac663fd451ef0429c331478d2f59ee) Importer(815301076,1909f56bfc062723c751e8b465ee728b)  -> (artifact id: 'cf7105e0cb6728c231b29f3388b622a6') in 0.478967 seconds 
  Import took 0.806697 seconds .

========================================================================
Received Import Request.
  Time since last request: 0.001841 seconds.
  path: Assets/Scenes/test/NavMesh.asset
  artifactKey: Guid(755f136f420c26f4088c1571f284d88d) Importer(815301076,1909f56bfc062723c751e8b465ee728b)
Start importing Assets/Scenes/test/NavMesh.asset using Guid(755f136f420c26f4088c1571f284d88d) Importer(815301076,1909f56bfc062723c751e8b465ee728b)  -> (artifact id: '23d01ad5e7ea4489b151afa9572957e3') in 0.659115 seconds 
  Import took 0.668798 seconds .

========================================================================
Received Import Request.
  Time since last request: 6.150234 seconds.
  path: Assets/ProcGenAssignment/example_dungeon
  artifactKey: Guid(b45105ccdc4c23741931f9aaa3a19c1e) Importer(815301076,1909f56bfc062723c751e8b465ee728b)
Start importing Assets/ProcGenAssignment/example_dungeon using Guid(b45105ccdc4c23741931f9aaa3a19c1e) Importer(815301076,1909f56bfc062723c751e8b465ee728b)  -> (artifact id: '9c77f992d9396a4160c64e8740448bd9') in 0.012745 seconds 
  Import took 0.024274 seconds .

========================================================================
Received Import Request.
  Time since last request: 0.181085 seconds.
  path: Assets/ProcGenAssignment/example_dungeon/NavMesh-NavInfo.asset
  artifactKey: Guid(f2a096612dc28204682c88d3f1a7060a) Importer(815301076,1909f56bfc062723c751e8b465ee728b)
Start importing Assets/ProcGenAssignment/example_dungeon/NavMesh-NavInfo.asset using Guid(f2a096612dc28204682c88d3f1a7060a) Importer(815301076,1909f56bfc062723c751e8b465ee728b)  -> (artifact id: '510eeebbb3be8233ef5c093f59610ba5') in 0.027677 seconds 
  Import took 0.034895 seconds .

========================================================================
Received Import Request.
  Time since last request: 3.000518 seconds.
  path: Assets/ProcGenAssignment/NavMeshComponents
  artifactKey: Guid(6e7d666b2e75e1e4dbe87aac7c57df63) Importer(815301076,1909f56bfc062723c751e8b465ee728b)
Start importing Assets/ProcGenAssignment/NavMeshComponents using Guid(6e7d666b2e75e1e4dbe87aac7c57df63) Importer(815301076,1909f56bfc062723c751e8b465ee728b)  -> (artifact id: '3d7ea2a545a6b6978a499218444a162e') in 0.016857 seconds 
  Import took 0.022819 seconds .

========================================================================
Received Prepare
Registering precompiled user dll's ...
Registered in 0.432271 seconds.
Begin MonoManager ReloadAssembly
Native extension for WindowsStandalone target not found
Refreshing native plugins compatible for Editor in 5.01 ms, found 2 plugins.
Preloading 0 native plugins for Editor in 0.00 ms.
Mono: successfully reloaded assembly
- Completed reload, in  6.012 seconds
Domain Reload Profiling:
	ReloadAssembly (6032ms)
		BeginReloadAssembly (1741ms)
			ExecutionOrderSort (0ms)
			DisableScriptedObjects (137ms)
			BackupInstance (0ms)
			ReleaseScriptingObjects (5ms)
			CreateAndSetChildDomain (913ms)
		EndReloadAssembly (4161ms)
			LoadAssemblies (430ms)
			RebuildTransferFunctionScriptingTraits (3ms)
			SetupTypeCache (1043ms)
			ReleaseScriptCaches (6ms)
			RebuildScriptCaches (232ms)
			SetupLoadedEditorAssemblies (1820ms)
				LogAssemblyErrors (0ms)
				InitializePlatformSupportModulesInManaged (21ms)
				SetLoadedEditorAssemblies (6ms)
				RefreshPlugins (5ms)
				BeforeProcessingInitializeOnLoad (289ms)
				ProcessInitializeOnLoadAttributes (1374ms)
				ProcessInitializeOnLoadMethodAttributes (114ms)
				AfterProcessingInitializeOnLoad (10ms)
				EditorAssembliesLoaded (0ms)
			ExecutionOrderSort2 (0ms)
			AwakeInstancesAfterBackupRestoration (18ms)
Platform modules already initialized, skipping
Refreshing native plugins compatible for Editor in 0.86 ms, found 2 plugins.
Preloading 0 native plugins for Editor in 0.00 ms.
Unloading 2602 Unused Serialized files (Serialized files now loaded: 0)
System memory in use before: 108.4 MB.
System memory in use after: 108.6 MB.

Unloading 53 unused Assets to reduce memory usage. Loaded Objects now: 3094.
Total: 31.644900 ms (FindLiveObjects: 0.732600 ms CreateObjectMapping: 0.177300 ms MarkObjects: 30.656600 ms  DeleteObjects: 0.073900 ms)

AssetImportParameters requested are different than current active one (requested -> active):
  custom:framework-win-MediaFoundation: 216162199b28c13a410421893ffa2e32 -> 
  custom:video-decoder-ogg-theora: a1e56fd34408186e4bbccfd4996cb3dc -> 
  custom:container-muxer-webm: aa71ff27fc2769a1b78a27578f13a17b -> 
  custom:container-demuxer-webm: 4f35f7cbe854078d1ac9338744f61a02 -> 
  custom:container-demuxer-ogg: 62fdf1f143b41e24485cea50d1cbac27 -> 
  custom:video-encoder-webm-vp8: eb34c28f22e8b96e1ab97ce403110664 -> 
  custom:video-decoder-webm-vp8: 9c59270c3fd7afecdb556c50c9e8de78 -> 
  custom:audio-decoder-ogg-vorbis: bf7c407c2cedff20999df2af8eb42d56 -> 
  custom:audio-encoder-webm-vorbis: bf7c407c2cedff20999df2af8eb42d56 -> 
========================================================================
Received Prepare
Registering precompiled user dll's ...
Registered in 0.033288 seconds.
Begin MonoManager ReloadAssembly
Native extension for WindowsStandalone target not found
Refreshing native plugins compatible for Editor in 0.92 ms, found 2 plugins.
Preloading 0 native plugins for Editor in 0.00 ms.
Mono: successfully reloaded assembly
- Completed reload, in  2.484 seconds
Domain Reload Profiling:
	ReloadAssembly (2491ms)
		BeginReloadAssembly (765ms)
			ExecutionOrderSort (0ms)
			DisableScriptedObjects (77ms)
			BackupInstance (0ms)
			ReleaseScriptingObjects (1ms)
			CreateAndSetChildDomain (335ms)
		EndReloadAssembly (1612ms)
			LoadAssemblies (264ms)
			RebuildTransferFunctionScriptingTraits (0ms)
			SetupTypeCache (511ms)
			ReleaseScriptCaches (3ms)
			RebuildScriptCaches (76ms)
			SetupLoadedEditorAssemblies (619ms)
				LogAssemblyErrors (0ms)
				InitializePlatformSupportModulesInManaged (10ms)
				SetLoadedEditorAssemblies (1ms)
				RefreshPlugins (1ms)
				BeforeProcessingInitializeOnLoad (183ms)
				ProcessInitializeOnLoadAttributes (354ms)
				ProcessInitializeOnLoadMethodAttributes (62ms)
				AfterProcessingInitializeOnLoad (8ms)
				EditorAssembliesLoaded (0ms)
			ExecutionOrderSort2 (0ms)
			AwakeInstancesAfterBackupRestoration (9ms)
Platform modules already initialized, skipping
Refreshing native plugins compatible for Editor in 1.28 ms, found 2 plugins.
Preloading 0 native plugins for Editor in 0.00 ms.
Unloading 2602 Unused Serialized files (Serialized files now loaded: 0)
System memory in use before: 108.4 MB.
System memory in use after: 108.6 MB.

Unloading 53 unused Assets to reduce memory usage. Loaded Objects now: 3096.
Total: 10.919600 ms (FindLiveObjects: 0.267200 ms CreateObjectMapping: 0.149700 ms MarkObjects: 10.398900 ms  DeleteObjects: 0.102000 ms)

AssetImportParameters requested are different than current active one (requested -> active):
  custom:framework-win-MediaFoundation: 216162199b28c13a410421893ffa2e32 -> 
  custom:video-decoder-ogg-theora: a1e56fd34408186e4bbccfd4996cb3dc -> 
  custom:container-muxer-webm: aa71ff27fc2769a1b78a27578f13a17b -> 
  custom:container-demuxer-webm: 4f35f7cbe854078d1ac9338744f61a02 -> 
  custom:container-demuxer-ogg: 62fdf1f143b41e24485cea50d1cbac27 -> 
  custom:video-encoder-webm-vp8: eb34c28f22e8b96e1ab97ce403110664 -> 
  custom:video-decoder-webm-vp8: 9c59270c3fd7afecdb556c50c9e8de78 -> 
  custom:audio-decoder-ogg-vorbis: bf7c407c2cedff20999df2af8eb42d56 -> 
  custom:audio-encoder-webm-vorbis: bf7c407c2cedff20999df2af8eb42d56 -> 
========================================================================
Received Prepare
Registering precompiled user dll's ...
Registered in 0.054583 seconds.
Begin MonoManager ReloadAssembly
Native extension for WindowsStandalone target not found
Refreshing native plugins compatible for Editor in 1.63 ms, found 2 plugins.
Preloading 0 native plugins for Editor in 0.00 ms.
Mono: successfully reloaded assembly
- Completed reload, in  2.487 seconds
Domain Reload Profiling:
	ReloadAssembly (2492ms)
		BeginReloadAssembly (490ms)
			ExecutionOrderSort (0ms)
			DisableScriptedObjects (34ms)
			BackupInstance (0ms)
			ReleaseScriptingObjects (0ms)
			CreateAndSetChildDomain (185ms)
		EndReloadAssembly (1876ms)
			LoadAssemblies (299ms)
			RebuildTransferFunctionScriptingTraits (0ms)
			SetupTypeCache (526ms)
			ReleaseScriptCaches (3ms)
			RebuildScriptCaches (106ms)
			SetupLoadedEditorAssemblies (759ms)
				LogAssemblyErrors (0ms)
				InitializePlatformSupportModulesInManaged (12ms)
				SetLoadedEditorAssemblies (1ms)
				RefreshPlugins (2ms)
				BeforeProcessingInitializeOnLoad (221ms)
				ProcessInitializeOnLoadAttributes (444ms)
				ProcessInitializeOnLoadMethodAttributes (67ms)
				AfterProcessingInitializeOnLoad (11ms)
				EditorAssembliesLoaded (0ms)
			ExecutionOrderSort2 (0ms)
			AwakeInstancesAfterBackupRestoration (12ms)
Platform modules already initialized, skipping
Refreshing native plugins compatible for Editor in 1.53 ms, found 2 plugins.
Preloading 0 native plugins for Editor in 0.00 ms.
Unloading 2602 Unused Serialized files (Serialized files now loaded: 0)
System memory in use before: 108.5 MB.
System memory in use after: 108.8 MB.

Unloading 53 unused Assets to reduce memory usage. Loaded Objects now: 3098.
Total: 12.647900 ms (FindLiveObjects: 0.503000 ms CreateObjectMapping: 0.174500 ms MarkObjects: 11.901500 ms  DeleteObjects: 0.067500 ms)

AssetImportParameters requested are different than current active one (requested -> active):
  custom:framework-win-MediaFoundation: 216162199b28c13a410421893ffa2e32 -> 
  custom:video-decoder-ogg-theora: a1e56fd34408186e4bbccfd4996cb3dc -> 
  custom:container-muxer-webm: aa71ff27fc2769a1b78a27578f13a17b -> 
  custom:container-demuxer-webm: 4f35f7cbe854078d1ac9338744f61a02 -> 
  custom:container-demuxer-ogg: 62fdf1f143b41e24485cea50d1cbac27 -> 
  custom:video-encoder-webm-vp8: eb34c28f22e8b96e1ab97ce403110664 -> 
  custom:video-decoder-webm-vp8: 9c59270c3fd7afecdb556c50c9e8de78 -> 
  custom:audio-decoder-ogg-vorbis: bf7c407c2cedff20999df2af8eb42d56 -> 
  custom:audio-encoder-webm-vorbis: bf7c407c2cedff20999df2af8eb42d56 -> 
========================================================================
Received Import Request.
  Time since last request: 12690.031344 seconds.
  path: Assets/Scripts/Player/PlayerHealth.cs
  artifactKey: Guid(c32067ea884548644b13cf9baddd4573) Importer(815301076,1909f56bfc062723c751e8b465ee728b)
Start importing Assets/Scripts/Player/PlayerHealth.cs using Guid(c32067ea884548644b13cf9baddd4573) Importer(815301076,1909f56bfc062723c751e8b465ee728b)  -> (artifact id: '15ee3cbfdcf7e7f2897252837ec6cbee') in 0.037634 seconds 
  Import took 0.049830 seconds .

========================================================================
Received Prepare
Registering precompiled user dll's ...
Registered in 0.021728 seconds.
Begin MonoManager ReloadAssembly
Native extension for WindowsStandalone target not found
Refreshing native plugins compatible for Editor in 1.23 ms, found 2 plugins.
Preloading 0 native plugins for Editor in 0.00 ms.
Mono: successfully reloaded assembly
- Completed reload, in  7.169 seconds
Domain Reload Profiling:
	ReloadAssembly (7192ms)
		BeginReloadAssembly (2195ms)
			ExecutionOrderSort (0ms)
			DisableScriptedObjects (61ms)
			BackupInstance (0ms)
			ReleaseScriptingObjects (1ms)
			CreateAndSetChildDomain (1559ms)
		EndReloadAssembly (3815ms)
			LoadAssemblies (504ms)
			RebuildTransferFunctionScriptingTraits (0ms)
			SetupTypeCache (1574ms)
			ReleaseScriptCaches (11ms)
			RebuildScriptCaches (139ms)
			SetupLoadedEditorAssemblies (1026ms)
				LogAssemblyErrors (0ms)
				InitializePlatformSupportModulesInManaged (11ms)
				SetLoadedEditorAssemblies (1ms)
				RefreshPlugins (1ms)
				BeforeProcessingInitializeOnLoad (404ms)
				ProcessInitializeOnLoadAttributes (518ms)
				ProcessInitializeOnLoadMethodAttributes (81ms)
				AfterProcessingInitializeOnLoad (10ms)
				EditorAssembliesLoaded (0ms)
			ExecutionOrderSort2 (0ms)
			AwakeInstancesAfterBackupRestoration (10ms)
Platform modules already initialized, skipping
Refreshing native plugins compatible for Editor in 1.70 ms, found 2 plugins.
Preloading 0 native plugins for Editor in 0.00 ms.
Unloading 2602 Unused Serialized files (Serialized files now loaded: 0)
System memory in use before: 108.6 MB.
System memory in use after: 108.9 MB.

Unloading 53 unused Assets to reduce memory usage. Loaded Objects now: 3100.
Total: 24.811300 ms (FindLiveObjects: 4.073100 ms CreateObjectMapping: 0.570900 ms MarkObjects: 20.039500 ms  DeleteObjects: 0.122600 ms)

AssetImportParameters requested are different than current active one (requested -> active):
  custom:framework-win-MediaFoundation: 216162199b28c13a410421893ffa2e32 -> 
  custom:video-decoder-ogg-theora: a1e56fd34408186e4bbccfd4996cb3dc -> 
  custom:container-muxer-webm: aa71ff27fc2769a1b78a27578f13a17b -> 
  custom:container-demuxer-webm: 4f35f7cbe854078d1ac9338744f61a02 -> 
  custom:container-demuxer-ogg: 62fdf1f143b41e24485cea50d1cbac27 -> 
  custom:video-encoder-webm-vp8: eb34c28f22e8b96e1ab97ce403110664 -> 
  custom:video-decoder-webm-vp8: 9c59270c3fd7afecdb556c50c9e8de78 -> 
  custom:audio-decoder-ogg-vorbis: bf7c407c2cedff20999df2af8eb42d56 -> 
  custom:audio-encoder-webm-vorbis: bf7c407c2cedff20999df2af8eb42d56 -> 
========================================================================
Received Import Request.
  Time since last request: 125.718496 seconds.
  path: Assets/Scripts/Player/PlayerShooting.cs
  artifactKey: Guid(6c83720df9acb89488dbf2c0dbd3ad78) Importer(815301076,1909f56bfc062723c751e8b465ee728b)
Start importing Assets/Scripts/Player/PlayerShooting.cs using Guid(6c83720df9acb89488dbf2c0dbd3ad78) Importer(815301076,1909f56bfc062723c751e8b465ee728b)  -> (artifact id: '2c8f3884fd356a4f1ab9e4d7a1670d51') in 0.044451 seconds 
  Import took 0.055003 seconds .

========================================================================
Received Prepare
Registering precompiled user dll's ...
Registered in 0.054229 seconds.
Begin MonoManager ReloadAssembly
Native extension for WindowsStandalone target not found
Refreshing native plugins compatible for Editor in 0.98 ms, found 2 plugins.
Preloading 0 native plugins for Editor in 0.00 ms.
Mono: successfully reloaded assembly
- Completed reload, in  3.993 seconds
Domain Reload Profiling:
	ReloadAssembly (4013ms)
		BeginReloadAssembly (1435ms)
			ExecutionOrderSort (0ms)
			DisableScriptedObjects (112ms)
			BackupInstance (0ms)
			ReleaseScriptingObjects (3ms)
			CreateAndSetChildDomain (683ms)
		EndReloadAssembly (2379ms)
			LoadAssemblies (334ms)
			RebuildTransferFunctionScriptingTraits (0ms)
			SetupTypeCache (978ms)
			ReleaseScriptCaches (5ms)
			RebuildScriptCaches (117ms)
			SetupLoadedEditorAssemblies (774ms)
				LogAssemblyErrors (0ms)
				InitializePlatformSupportModulesInManaged (10ms)
				SetLoadedEditorAssemblies (1ms)
				RefreshPlugins (1ms)
				BeforeProcessingInitializeOnLoad (198ms)
				ProcessInitializeOnLoadAttributes (476ms)
				ProcessInitializeOnLoadMethodAttributes (76ms)
				AfterProcessingInitializeOnLoad (10ms)
				EditorAssembliesLoaded (0ms)
			ExecutionOrderSort2 (0ms)
			AwakeInstancesAfterBackupRestoration (13ms)
Platform modules already initialized, skipping
Refreshing native plugins compatible for Editor in 1.56 ms, found 2 plugins.
Preloading 0 native plugins for Editor in 0.00 ms.
Unloading 2602 Unused Serialized files (Serialized files now loaded: 0)
System memory in use before: 108.6 MB.
System memory in use after: 108.9 MB.

Unloading 53 unused Assets to reduce memory usage. Loaded Objects now: 3102.
Total: 11.221800 ms (FindLiveObjects: 0.496300 ms CreateObjectMapping: 0.179200 ms MarkObjects: 10.394100 ms  DeleteObjects: 0.150400 ms)

AssetImportParameters requested are different than current active one (requested -> active):
  custom:framework-win-MediaFoundation: 216162199b28c13a410421893ffa2e32 -> 
  custom:video-decoder-ogg-theora: a1e56fd34408186e4bbccfd4996cb3dc -> 
  custom:container-muxer-webm: aa71ff27fc2769a1b78a27578f13a17b -> 
  custom:container-demuxer-webm: 4f35f7cbe854078d1ac9338744f61a02 -> 
  custom:container-demuxer-ogg: 62fdf1f143b41e24485cea50d1cbac27 -> 
  custom:video-encoder-webm-vp8: eb34c28f22e8b96e1ab97ce403110664 -> 
  custom:video-decoder-webm-vp8: 9c59270c3fd7afecdb556c50c9e8de78 -> 
  custom:audio-decoder-ogg-vorbis: bf7c407c2cedff20999df2af8eb42d56 -> 
  custom:audio-encoder-webm-vorbis: bf7c407c2cedff20999df2af8eb42d56 -> 
========================================================================
Received Prepare
Registering precompiled user dll's ...
Registered in 0.029387 seconds.
Begin MonoManager ReloadAssembly
Native extension for WindowsStandalone target not found
Refreshing native plugins compatible for Editor in 1.36 ms, found 2 plugins.
Preloading 0 native plugins for Editor in 0.00 ms.
Mono: successfully reloaded assembly
- Completed reload, in  2.225 seconds
Domain Reload Profiling:
	ReloadAssembly (2226ms)
		BeginReloadAssembly (224ms)
			ExecutionOrderSort (0ms)
			DisableScriptedObjects (14ms)
			BackupInstance (0ms)
			ReleaseScriptingObjects (0ms)
			CreateAndSetChildDomain (68ms)
		EndReloadAssembly (1887ms)
			LoadAssemblies (295ms)
			RebuildTransferFunctionScriptingTraits (0ms)
			SetupTypeCache (643ms)
			ReleaseScriptCaches (2ms)
			RebuildScriptCaches (91ms)
			SetupLoadedEditorAssemblies (708ms)
				LogAssemblyErrors (0ms)
				InitializePlatformSupportModulesInManaged (10ms)
				SetLoadedEditorAssemblies (1ms)
				RefreshPlugins (1ms)
				BeforeProcessingInitializeOnLoad (239ms)
				ProcessInitializeOnLoadAttributes (383ms)
				ProcessInitializeOnLoadMethodAttributes (65ms)
				AfterProcessingInitializeOnLoad (8ms)
				EditorAssembliesLoaded (0ms)
			ExecutionOrderSort2 (0ms)
			AwakeInstancesAfterBackupRestoration (11ms)
Platform modules already initialized, skipping
Refreshing native plugins compatible for Editor in 1.47 ms, found 2 plugins.
Preloading 0 native plugins for Editor in 0.00 ms.
Unloading 2602 Unused Serialized files (Serialized files now loaded: 0)
System memory in use before: 108.6 MB.
System memory in use after: 108.9 MB.

Unloading 53 unused Assets to reduce memory usage. Loaded Objects now: 3104.
Total: 15.577800 ms (FindLiveObjects: 0.342000 ms CreateObjectMapping: 0.252300 ms MarkObjects: 14.936600 ms  DeleteObjects: 0.045100 ms)

AssetImportParameters requested are different than current active one (requested -> active):
  custom:framework-win-MediaFoundation: 216162199b28c13a410421893ffa2e32 -> 
  custom:video-decoder-ogg-theora: a1e56fd34408186e4bbccfd4996cb3dc -> 
  custom:container-muxer-webm: aa71ff27fc2769a1b78a27578f13a17b -> 
  custom:container-demuxer-webm: 4f35f7cbe854078d1ac9338744f61a02 -> 
  custom:container-demuxer-ogg: 62fdf1f143b41e24485cea50d1cbac27 -> 
  custom:video-encoder-webm-vp8: eb34c28f22e8b96e1ab97ce403110664 -> 
  custom:video-decoder-webm-vp8: 9c59270c3fd7afecdb556c50c9e8de78 -> 
  custom:audio-decoder-ogg-vorbis: bf7c407c2cedff20999df2af8eb42d56 -> 
  custom:audio-encoder-webm-vorbis: bf7c407c2cedff20999df2af8eb42d56 -> 
========================================================================
Received Prepare
Registering precompiled user dll's ...
Registered in 0.022813 seconds.
Begin MonoManager ReloadAssembly
Native extension for WindowsStandalone target not found
Refreshing native plugins compatible for Editor in 1.59 ms, found 2 plugins.
Preloading 0 native plugins for Editor in 0.00 ms.
Mono: successfully reloaded assembly
- Completed reload, in  2.043 seconds
Domain Reload Profiling:
	ReloadAssembly (2044ms)
		BeginReloadAssembly (221ms)
			ExecutionOrderSort (0ms)
			DisableScriptedObjects (8ms)
			BackupInstance (0ms)
			ReleaseScriptingObjects (0ms)
			CreateAndSetChildDomain (60ms)
		EndReloadAssembly (1714ms)
			LoadAssemblies (202ms)
			RebuildTransferFunctionScriptingTraits (0ms)
			SetupTypeCache (577ms)
			ReleaseScriptCaches (3ms)
			RebuildScriptCaches (121ms)
			SetupLoadedEditorAssemblies (690ms)
				LogAssemblyErrors (0ms)
				InitializePlatformSupportModulesInManaged (8ms)
				SetLoadedEditorAssemblies (1ms)
				RefreshPlugins (2ms)
				BeforeProcessingInitializeOnLoad (202ms)
				ProcessInitializeOnLoadAttributes (404ms)
				ProcessInitializeOnLoadMethodAttributes (65ms)
				AfterProcessingInitializeOnLoad (9ms)
				EditorAssembliesLoaded (0ms)
			ExecutionOrderSort2 (0ms)
			AwakeInstancesAfterBackupRestoration (8ms)
Platform modules already initialized, skipping
Refreshing native plugins compatible for Editor in 0.91 ms, found 2 plugins.
Preloading 0 native plugins for Editor in 0.00 ms.
Unloading 2602 Unused Serialized files (Serialized files now loaded: 0)
System memory in use before: 108.7 MB.
System memory in use after: 108.9 MB.

Unloading 53 unused Assets to reduce memory usage. Loaded Objects now: 3106.
Total: 8.122400 ms (FindLiveObjects: 0.310500 ms CreateObjectMapping: 0.152900 ms MarkObjects: 7.616300 ms  DeleteObjects: 0.041100 ms)

AssetImportParameters requested are different than current active one (requested -> active):
  custom:framework-win-MediaFoundation: 216162199b28c13a410421893ffa2e32 -> 
  custom:video-decoder-ogg-theora: a1e56fd34408186e4bbccfd4996cb3dc -> 
  custom:container-muxer-webm: aa71ff27fc2769a1b78a27578f13a17b -> 
  custom:container-demuxer-webm: 4f35f7cbe854078d1ac9338744f61a02 -> 
  custom:container-demuxer-ogg: 62fdf1f143b41e24485cea50d1cbac27 -> 
  custom:video-encoder-webm-vp8: eb34c28f22e8b96e1ab97ce403110664 -> 
  custom:video-decoder-webm-vp8: 9c59270c3fd7afecdb556c50c9e8de78 -> 
  custom:audio-decoder-ogg-vorbis: bf7c407c2cedff20999df2af8eb42d56 -> 
  custom:audio-encoder-webm-vorbis: bf7c407c2cedff20999df2af8eb42d56 -> 
========================================================================
Received Prepare
Registering precompiled user dll's ...
Registered in 0.013006 seconds.
Begin MonoManager ReloadAssembly
Native extension for WindowsStandalone target not found
Refreshing native plugins compatible for Editor in 1.68 ms, found 2 plugins.
Preloading 0 native plugins for Editor in 0.00 ms.
Mono: successfully reloaded assembly
- Completed reload, in  1.891 seconds
Domain Reload Profiling:
	ReloadAssembly (1892ms)
		BeginReloadAssembly (181ms)
			ExecutionOrderSort (0ms)
			DisableScriptedObjects (11ms)
			BackupInstance (0ms)
			ReleaseScriptingObjects (0ms)
			CreateAndSetChildDomain (50ms)
		EndReloadAssembly (1610ms)
			LoadAssemblies (146ms)
			RebuildTransferFunctionScriptingTraits (0ms)
			SetupTypeCache (464ms)
			ReleaseScriptCaches (4ms)
			RebuildScriptCaches (84ms)
			SetupLoadedEditorAssemblies (739ms)
				LogAssemblyErrors (0ms)
				InitializePlatformSupportModulesInManaged (10ms)
				SetLoadedEditorAssemblies (1ms)
				RefreshPlugins (2ms)
				BeforeProcessingInitializeOnLoad (191ms)
				ProcessInitializeOnLoadAttributes (442ms)
				ProcessInitializeOnLoadMethodAttributes (75ms)
				AfterProcessingInitializeOnLoad (19ms)
				EditorAssembliesLoaded (0ms)
			ExecutionOrderSort2 (0ms)
			AwakeInstancesAfterBackupRestoration (13ms)
Platform modules already initialized, skipping
Refreshing native plugins compatible for Editor in 2.37 ms, found 2 plugins.
Preloading 0 native plugins for Editor in 0.00 ms.
Unloading 2602 Unused Serialized files (Serialized files now loaded: 0)
System memory in use before: 108.7 MB.
System memory in use after: 108.9 MB.

Unloading 53 unused Assets to reduce memory usage. Loaded Objects now: 3108.
Total: 11.270400 ms (FindLiveObjects: 0.556200 ms CreateObjectMapping: 0.223300 ms MarkObjects: 10.401400 ms  DeleteObjects: 0.086500 ms)

AssetImportParameters requested are different than current active one (requested -> active):
  custom:framework-win-MediaFoundation: 216162199b28c13a410421893ffa2e32 -> 
  custom:video-decoder-ogg-theora: a1e56fd34408186e4bbccfd4996cb3dc -> 
  custom:container-muxer-webm: aa71ff27fc2769a1b78a27578f13a17b -> 
  custom:container-demuxer-webm: 4f35f7cbe854078d1ac9338744f61a02 -> 
  custom:container-demuxer-ogg: 62fdf1f143b41e24485cea50d1cbac27 -> 
  custom:video-encoder-webm-vp8: eb34c28f22e8b96e1ab97ce403110664 -> 
  custom:video-decoder-webm-vp8: 9c59270c3fd7afecdb556c50c9e8de78 -> 
  custom:audio-decoder-ogg-vorbis: bf7c407c2cedff20999df2af8eb42d56 -> 
  custom:audio-encoder-webm-vorbis: bf7c407c2cedff20999df2af8eb42d56 -> 
========================================================================
Received Prepare
Registering precompiled user dll's ...
Registered in 0.038085 seconds.
Begin MonoManager ReloadAssembly
Native extension for WindowsStandalone target not found
Refreshing native plugins compatible for Editor in 0.97 ms, found 2 plugins.
Preloading 0 native plugins for Editor in 0.00 ms.
Mono: successfully reloaded assembly
- Completed reload, in  2.671 seconds
Domain Reload Profiling:
	ReloadAssembly (2678ms)
		BeginReloadAssembly (564ms)
			ExecutionOrderSort (0ms)
			DisableScriptedObjects (41ms)
			BackupInstance (0ms)
			ReleaseScriptingObjects (0ms)
			CreateAndSetChildDomain (247ms)
		EndReloadAssembly (1965ms)
			LoadAssemblies (272ms)
			RebuildTransferFunctionScriptingTraits (0ms)
			SetupTypeCache (662ms)
			ReleaseScriptCaches (2ms)
			RebuildScriptCaches (120ms)
			SetupLoadedEditorAssemblies (756ms)
				LogAssemblyErrors (0ms)
				InitializePlatformSupportModulesInManaged (9ms)
				SetLoadedEditorAssemblies (1ms)
				RefreshPlugins (1ms)
				BeforeProcessingInitializeOnLoad (219ms)
				ProcessInitializeOnLoadAttributes (445ms)
				ProcessInitializeOnLoadMethodAttributes (69ms)
				AfterProcessingInitializeOnLoad (10ms)
				EditorAssembliesLoaded (2ms)
			ExecutionOrderSort2 (0ms)
			AwakeInstancesAfterBackupRestoration (12ms)
Platform modules already initialized, skipping
Refreshing native plugins compatible for Editor in 0.87 ms, found 2 plugins.
Preloading 0 native plugins for Editor in 0.00 ms.
Unloading 2602 Unused Serialized files (Serialized files now loaded: 0)
System memory in use before: 108.7 MB.
System memory in use after: 108.9 MB.

Unloading 53 unused Assets to reduce memory usage. Loaded Objects now: 3110.
Total: 11.642900 ms (FindLiveObjects: 0.267500 ms CreateObjectMapping: 0.129000 ms MarkObjects: 10.775700 ms  DeleteObjects: 0.469400 ms)

AssetImportParameters requested are different than current active one (requested -> active):
  custom:framework-win-MediaFoundation: 216162199b28c13a410421893ffa2e32 -> 
  custom:video-decoder-ogg-theora: a1e56fd34408186e4bbccfd4996cb3dc -> 
  custom:container-muxer-webm: aa71ff27fc2769a1b78a27578f13a17b -> 
  custom:container-demuxer-webm: 4f35f7cbe854078d1ac9338744f61a02 -> 
  custom:container-demuxer-ogg: 62fdf1f143b41e24485cea50d1cbac27 -> 
  custom:video-encoder-webm-vp8: eb34c28f22e8b96e1ab97ce403110664 -> 
  custom:video-decoder-webm-vp8: 9c59270c3fd7afecdb556c50c9e8de78 -> 
  custom:audio-decoder-ogg-vorbis: bf7c407c2cedff20999df2af8eb42d56 -> 
  custom:audio-encoder-webm-vorbis: bf7c407c2cedff20999df2af8eb42d56 -> 
========================================================================
Received Prepare
Registering precompiled user dll's ...
Registered in 0.018045 seconds.
Begin MonoManager ReloadAssembly
Native extension for WindowsStandalone target not found
Refreshing native plugins compatible for Editor in 1.04 ms, found 2 plugins.
Preloading 0 native plugins for Editor in 0.00 ms.
Mono: successfully reloaded assembly
- Completed reload, in  1.686 seconds
Domain Reload Profiling:
	ReloadAssembly (1687ms)
		BeginReloadAssembly (184ms)
			ExecutionOrderSort (0ms)
			DisableScriptedObjects (11ms)
			BackupInstance (0ms)
			ReleaseScriptingObjects (0ms)
			CreateAndSetChildDomain (64ms)
		EndReloadAssembly (1422ms)
			LoadAssemblies (149ms)
			RebuildTransferFunctionScriptingTraits (0ms)
			SetupTypeCache (404ms)
			ReleaseScriptCaches (1ms)
			RebuildScriptCaches (87ms)
			SetupLoadedEditorAssemblies (627ms)
				LogAssemblyErrors (0ms)
				InitializePlatformSupportModulesInManaged (10ms)
				SetLoadedEditorAssemblies (0ms)
				RefreshPlugins (1ms)
				BeforeProcessingInitializeOnLoad (192ms)
				ProcessInitializeOnLoadAttributes (355ms)
				ProcessInitializeOnLoadMethodAttributes (58ms)
				AfterProcessingInitializeOnLoad (10ms)
				EditorAssembliesLoaded (0ms)
			ExecutionOrderSort2 (0ms)
			AwakeInstancesAfterBackupRestoration (11ms)
Platform modules already initialized, skipping
Refreshing native plugins compatible for Editor in 1.04 ms, found 2 plugins.
Preloading 0 native plugins for Editor in 0.00 ms.
Unloading 2602 Unused Serialized files (Serialized files now loaded: 0)
System memory in use before: 108.7 MB.
System memory in use after: 108.9 MB.

Unloading 53 unused Assets to reduce memory usage. Loaded Objects now: 3112.
Total: 12.502400 ms (FindLiveObjects: 0.406100 ms CreateObjectMapping: 0.187200 ms MarkObjects: 11.853000 ms  DeleteObjects: 0.053800 ms)

AssetImportParameters requested are different than current active one (requested -> active):
  custom:framework-win-MediaFoundation: 216162199b28c13a410421893ffa2e32 -> 
  custom:video-decoder-ogg-theora: a1e56fd34408186e4bbccfd4996cb3dc -> 
  custom:container-muxer-webm: aa71ff27fc2769a1b78a27578f13a17b -> 
  custom:container-demuxer-webm: 4f35f7cbe854078d1ac9338744f61a02 -> 
  custom:container-demuxer-ogg: 62fdf1f143b41e24485cea50d1cbac27 -> 
  custom:video-encoder-webm-vp8: eb34c28f22e8b96e1ab97ce403110664 -> 
  custom:video-decoder-webm-vp8: 9c59270c3fd7afecdb556c50c9e8de78 -> 
  custom:audio-decoder-ogg-vorbis: bf7c407c2cedff20999df2af8eb42d56 -> 
  custom:audio-encoder-webm-vorbis: bf7c407c2cedff20999df2af8eb42d56 -> 
========================================================================
Received Prepare
Registering precompiled user dll's ...
Registered in 0.013036 seconds.
Begin MonoManager ReloadAssembly
Native extension for WindowsStandalone target not found
Refreshing native plugins compatible for Editor in 0.92 ms, found 2 plugins.
Preloading 0 native plugins for Editor in 0.00 ms.
Mono: successfully reloaded assembly
- Completed reload, in  2.380 seconds
Domain Reload Profiling:
	ReloadAssembly (2381ms)
		BeginReloadAssembly (202ms)
			ExecutionOrderSort (0ms)
			DisableScriptedObjects (15ms)
			BackupInstance (0ms)
			ReleaseScriptingObjects (0ms)
			CreateAndSetChildDomain (59ms)
		EndReloadAssembly (2071ms)
			LoadAssemblies (176ms)
			RebuildTransferFunctionScriptingTraits (0ms)
			SetupTypeCache (881ms)
			ReleaseScriptCaches (2ms)
			RebuildScriptCaches (105ms)
			SetupLoadedEditorAssemblies (709ms)
				LogAssemblyErrors (0ms)
				InitializePlatformSupportModulesInManaged (7ms)
				SetLoadedEditorAssemblies (1ms)
				RefreshPlugins (1ms)
				BeforeProcessingInitializeOnLoad (178ms)
				ProcessInitializeOnLoadAttributes (442ms)
				ProcessInitializeOnLoadMethodAttributes (65ms)
				AfterProcessingInitializeOnLoad (14ms)
				EditorAssembliesLoaded (0ms)
			ExecutionOrderSort2 (0ms)
			AwakeInstancesAfterBackupRestoration (11ms)
Platform modules already initialized, skipping
Refreshing native plugins compatible for Editor in 1.41 ms, found 2 plugins.
Preloading 0 native plugins for Editor in 0.00 ms.
Unloading 2602 Unused Serialized files (Serialized files now loaded: 0)
System memory in use before: 108.7 MB.
System memory in use after: 108.9 MB.

Unloading 53 unused Assets to reduce memory usage. Loaded Objects now: 3114.
Total: 9.868800 ms (FindLiveObjects: 0.504400 ms CreateObjectMapping: 0.179800 ms MarkObjects: 9.130300 ms  DeleteObjects: 0.052100 ms)

AssetImportParameters requested are different than current active one (requested -> active):
  custom:framework-win-MediaFoundation: 216162199b28c13a410421893ffa2e32 -> 
  custom:video-decoder-ogg-theora: a1e56fd34408186e4bbccfd4996cb3dc -> 
  custom:container-muxer-webm: aa71ff27fc2769a1b78a27578f13a17b -> 
  custom:container-demuxer-webm: 4f35f7cbe854078d1ac9338744f61a02 -> 
  custom:container-demuxer-ogg: 62fdf1f143b41e24485cea50d1cbac27 -> 
  custom:video-encoder-webm-vp8: eb34c28f22e8b96e1ab97ce403110664 -> 
  custom:video-decoder-webm-vp8: 9c59270c3fd7afecdb556c50c9e8de78 -> 
  custom:audio-decoder-ogg-vorbis: bf7c407c2cedff20999df2af8eb42d56 -> 
  custom:audio-encoder-webm-vorbis: bf7c407c2cedff20999df2af8eb42d56 -> 
========================================================================
Received Prepare
Registering precompiled user dll's ...
Registered in 0.013325 seconds.
Begin MonoManager ReloadAssembly
Native extension for WindowsStandalone target not found
Refreshing native plugins compatible for Editor in 1.68 ms, found 2 plugins.
Preloading 0 native plugins for Editor in 0.00 ms.
Mono: successfully reloaded assembly
- Completed reload, in  1.862 seconds
Domain Reload Profiling:
	ReloadAssembly (1862ms)
		BeginReloadAssembly (183ms)
			ExecutionOrderSort (0ms)
			DisableScriptedObjects (8ms)
			BackupInstance (0ms)
			ReleaseScriptingObjects (0ms)
			CreateAndSetChildDomain (56ms)
		EndReloadAssembly (1515ms)
			LoadAssemblies (140ms)
			RebuildTransferFunctionScriptingTraits (0ms)
			SetupTypeCache (490ms)
			ReleaseScriptCaches (2ms)
			RebuildScriptCaches (81ms)
			SetupLoadedEditorAssemblies (624ms)
				LogAssemblyErrors (0ms)
				InitializePlatformSupportModulesInManaged (9ms)
				SetLoadedEditorAssemblies (1ms)
				RefreshPlugins (2ms)
				BeforeProcessingInitializeOnLoad (201ms)
				ProcessInitializeOnLoadAttributes (342ms)
				ProcessInitializeOnLoadMethodAttributes (60ms)
				AfterProcessingInitializeOnLoad (9ms)
				EditorAssembliesLoaded (0ms)
			ExecutionOrderSort2 (0ms)
			AwakeInstancesAfterBackupRestoration (8ms)
Platform modules already initialized, skipping
Refreshing native plugins compatible for Editor in 0.95 ms, found 2 plugins.
Preloading 0 native plugins for Editor in 0.00 ms.
Unloading 2602 Unused Serialized files (Serialized files now loaded: 0)
System memory in use before: 108.7 MB.
System memory in use after: 108.9 MB.

Unloading 53 unused Assets to reduce memory usage. Loaded Objects now: 3116.
Total: 14.680700 ms (FindLiveObjects: 0.418500 ms CreateObjectMapping: 0.395100 ms MarkObjects: 13.829900 ms  DeleteObjects: 0.035800 ms)

AssetImportParameters requested are different than current active one (requested -> active):
  custom:framework-win-MediaFoundation: 216162199b28c13a410421893ffa2e32 -> 
  custom:video-decoder-ogg-theora: a1e56fd34408186e4bbccfd4996cb3dc -> 
  custom:container-muxer-webm: aa71ff27fc2769a1b78a27578f13a17b -> 
  custom:container-demuxer-webm: 4f35f7cbe854078d1ac9338744f61a02 -> 
  custom:container-demuxer-ogg: 62fdf1f143b41e24485cea50d1cbac27 -> 
  custom:video-encoder-webm-vp8: eb34c28f22e8b96e1ab97ce403110664 -> 
  custom:video-decoder-webm-vp8: 9c59270c3fd7afecdb556c50c9e8de78 -> 
  custom:audio-decoder-ogg-vorbis: bf7c407c2cedff20999df2af8eb42d56 -> 
  custom:audio-encoder-webm-vorbis: bf7c407c2cedff20999df2af8eb42d56 -> 
========================================================================
Received Prepare
Registering precompiled user dll's ...
Registered in 0.212839 seconds.
Begin MonoManager ReloadAssembly
Native extension for WindowsStandalone target not found
Refreshing native plugins compatible for Editor in 1.50 ms, found 2 plugins.
Preloading 0 native plugins for Editor in 0.00 ms.
Mono: successfully reloaded assembly
- Completed reload, in  3.467 seconds
Domain Reload Profiling:
	ReloadAssembly (3481ms)
		BeginReloadAssembly (1033ms)
			ExecutionOrderSort (0ms)
			DisableScriptedObjects (64ms)
			BackupInstance (0ms)
			ReleaseScriptingObjects (2ms)
			CreateAndSetChildDomain (519ms)
		EndReloadAssembly (2294ms)
			LoadAssemblies (370ms)
			RebuildTransferFunctionScriptingTraits (0ms)
			SetupTypeCache (700ms)
			ReleaseScriptCaches (2ms)
			RebuildScriptCaches (101ms)
			SetupLoadedEditorAssemblies (916ms)
				LogAssemblyErrors (0ms)
				InitializePlatformSupportModulesInManaged (12ms)
				SetLoadedEditorAssemblies (1ms)
				RefreshPlugins (2ms)
				BeforeProcessingInitializeOnLoad (226ms)
				ProcessInitializeOnLoadAttributes (595ms)
				ProcessInitializeOnLoadMethodAttributes (70ms)
				AfterProcessingInitializeOnLoad (10ms)
				EditorAssembliesLoaded (1ms)
			ExecutionOrderSort2 (0ms)
			AwakeInstancesAfterBackupRestoration (11ms)
Platform modules already initialized, skipping
Refreshing native plugins compatible for Editor in 0.97 ms, found 2 plugins.
Preloading 0 native plugins for Editor in 0.00 ms.
Unloading 2602 Unused Serialized files (Serialized files now loaded: 0)
System memory in use before: 108.7 MB.
System memory in use after: 108.9 MB.

Unloading 53 unused Assets to reduce memory usage. Loaded Objects now: 3118.
Total: 25.906700 ms (FindLiveObjects: 0.880100 ms CreateObjectMapping: 0.180000 ms MarkObjects: 24.045800 ms  DeleteObjects: 0.798500 ms)

AssetImportParameters requested are different than current active one (requested -> active):
  custom:framework-win-MediaFoundation: 216162199b28c13a410421893ffa2e32 -> 
  custom:video-decoder-ogg-theora: a1e56fd34408186e4bbccfd4996cb3dc -> 
  custom:container-muxer-webm: aa71ff27fc2769a1b78a27578f13a17b -> 
  custom:container-demuxer-webm: 4f35f7cbe854078d1ac9338744f61a02 -> 
  custom:container-demuxer-ogg: 62fdf1f143b41e24485cea50d1cbac27 -> 
  custom:video-encoder-webm-vp8: eb34c28f22e8b96e1ab97ce403110664 -> 
  custom:video-decoder-webm-vp8: 9c59270c3fd7afecdb556c50c9e8de78 -> 
  custom:audio-decoder-ogg-vorbis: bf7c407c2cedff20999df2af8eb42d56 -> 
  custom:audio-encoder-webm-vorbis: bf7c407c2cedff20999df2af8eb42d56 -> 
========================================================================
Received Prepare
Registering precompiled user dll's ...
Registered in 0.298882 seconds.
Begin MonoManager ReloadAssembly
Native extension for WindowsStandalone target not found
Refreshing native plugins compatible for Editor in 2.24 ms, found 2 plugins.
Preloading 0 native plugins for Editor in 0.00 ms.
Mono: successfully reloaded assembly
- Completed reload, in  2.846 seconds
Domain Reload Profiling:
	ReloadAssembly (2871ms)
		BeginReloadAssembly (907ms)
			ExecutionOrderSort (0ms)
			DisableScriptedObjects (73ms)
			BackupInstance (0ms)
			ReleaseScriptingObjects (4ms)
			CreateAndSetChildDomain (376ms)
		EndReloadAssembly (1836ms)
			LoadAssemblies (271ms)
			RebuildTransferFunctionScriptingTraits (1ms)
			SetupTypeCache (491ms)
			ReleaseScriptCaches (2ms)
			RebuildScriptCaches (80ms)
			SetupLoadedEditorAssemblies (835ms)
				LogAssemblyErrors (0ms)
				InitializePlatformSupportModulesInManaged (8ms)
				SetLoadedEditorAssemblies (1ms)
				RefreshPlugins (2ms)
				BeforeProcessingInitializeOnLoad (206ms)
				ProcessInitializeOnLoadAttributes (545ms)
				ProcessInitializeOnLoadMethodAttributes (61ms)
				AfterProcessingInitializeOnLoad (10ms)
				EditorAssembliesLoaded (1ms)
			ExecutionOrderSort2 (0ms)
			AwakeInstancesAfterBackupRestoration (9ms)
Platform modules already initialized, skipping
Refreshing native plugins compatible for Editor in 0.93 ms, found 2 plugins.
Preloading 0 native plugins for Editor in 0.00 ms.
Unloading 2602 Unused Serialized files (Serialized files now loaded: 0)
System memory in use before: 108.7 MB.
System memory in use after: 108.9 MB.

Unloading 53 unused Assets to reduce memory usage. Loaded Objects now: 3120.
Total: 23.812300 ms (FindLiveObjects: 1.371800 ms CreateObjectMapping: 0.158200 ms MarkObjects: 22.165200 ms  DeleteObjects: 0.114400 ms)

AssetImportParameters requested are different than current active one (requested -> active):
  custom:framework-win-MediaFoundation: 216162199b28c13a410421893ffa2e32 -> 
  custom:video-decoder-ogg-theora: a1e56fd34408186e4bbccfd4996cb3dc -> 
  custom:container-muxer-webm: aa71ff27fc2769a1b78a27578f13a17b -> 
  custom:container-demuxer-webm: 4f35f7cbe854078d1ac9338744f61a02 -> 
  custom:container-demuxer-ogg: 62fdf1f143b41e24485cea50d1cbac27 -> 
  custom:video-encoder-webm-vp8: eb34c28f22e8b96e1ab97ce403110664 -> 
  custom:video-decoder-webm-vp8: 9c59270c3fd7afecdb556c50c9e8de78 -> 
  custom:audio-decoder-ogg-vorbis: bf7c407c2cedff20999df2af8eb42d56 -> 
  custom:audio-encoder-webm-vorbis: bf7c407c2cedff20999df2af8eb42d56 -> 
========================================================================
Received Prepare
Registering precompiled user dll's ...
Registered in 0.304548 seconds.
Begin MonoManager ReloadAssembly
Native extension for WindowsStandalone target not found
Refreshing native plugins compatible for Editor in 1.54 ms, found 2 plugins.
Preloading 0 native plugins for Editor in 0.00 ms.
Mono: successfully reloaded assembly
- Completed reload, in  2.869 seconds
Domain Reload Profiling:
	ReloadAssembly (2884ms)
		BeginReloadAssembly (667ms)
			ExecutionOrderSort (0ms)
			DisableScriptedObjects (59ms)
			BackupInstance (0ms)
			ReleaseScriptingObjects (3ms)
			CreateAndSetChildDomain (215ms)
		EndReloadAssembly (2096ms)
			LoadAssemblies (317ms)
			RebuildTransferFunctionScriptingTraits (1ms)
			SetupTypeCache (492ms)
			ReleaseScriptCaches (4ms)
			RebuildScriptCaches (100ms)
			SetupLoadedEditorAssemblies (964ms)
				LogAssemblyErrors (0ms)
				InitializePlatformSupportModulesInManaged (13ms)
				SetLoadedEditorAssemblies (1ms)
				RefreshPlugins (2ms)
				BeforeProcessingInitializeOnLoad (224ms)
				ProcessInitializeOnLoadAttributes (623ms)
				ProcessInitializeOnLoadMethodAttributes (89ms)
				AfterProcessingInitializeOnLoad (11ms)
				EditorAssembliesLoaded (0ms)
			ExecutionOrderSort2 (0ms)
			AwakeInstancesAfterBackupRestoration (17ms)
Platform modules already initialized, skipping
Refreshing native plugins compatible for Editor in 1.20 ms, found 2 plugins.
Preloading 0 native plugins for Editor in 0.00 ms.
Unloading 2602 Unused Serialized files (Serialized files now loaded: 0)
System memory in use before: 108.7 MB.
System memory in use after: 108.9 MB.

Unloading 53 unused Assets to reduce memory usage. Loaded Objects now: 3122.
Total: 24.857900 ms (FindLiveObjects: 1.466300 ms CreateObjectMapping: 0.393300 ms MarkObjects: 22.632800 ms  DeleteObjects: 0.363600 ms)

AssetImportParameters requested are different than current active one (requested -> active):
  custom:framework-win-MediaFoundation: 216162199b28c13a410421893ffa2e32 -> 
  custom:video-decoder-ogg-theora: a1e56fd34408186e4bbccfd4996cb3dc -> 
  custom:container-muxer-webm: aa71ff27fc2769a1b78a27578f13a17b -> 
  custom:container-demuxer-webm: 4f35f7cbe854078d1ac9338744f61a02 -> 
  custom:container-demuxer-ogg: 62fdf1f143b41e24485cea50d1cbac27 -> 
  custom:video-encoder-webm-vp8: eb34c28f22e8b96e1ab97ce403110664 -> 
  custom:video-decoder-webm-vp8: 9c59270c3fd7afecdb556c50c9e8de78 -> 
  custom:audio-decoder-ogg-vorbis: bf7c407c2cedff20999df2af8eb42d56 -> 
  custom:audio-encoder-webm-vorbis: bf7c407c2cedff20999df2af8eb42d56 -> 
AssetImportWorkerClient::OnTransportError - code=2 error=End of file
